<?xml version="1.0"?>
<!DOCTYPE coverage SYSTEM "http://cobertura.sourceforge.net/xml/coverage-04.dtd">

<coverage line-rate="0.6100543478260869" branch-rate="0.6257309941520468" lines-covered="449" lines-valid="736" branches-covered="107" branches-valid="171" complexity="1.6403508771929824" version="1.9.4.1" timestamp="1370726353736">
	<sources>
		<source>--source</source>
		<source>/Users/sxs/src/Lafayette/server/webapp/src/main/java</source>
	</sources>
	<packages>
		<package name="org.lafayette.server" line-rate="0.4014084507042254" branch-rate="0.4" complexity="1.4545454545454546">
			<classes>
				<class name="org.lafayette.server.EnvVars" filename="org/lafayette/server/EnvVars.java" line-rate="0.0" branch-rate="0.0" complexity="2.0">
					<methods>
						<method name="&lt;clinit&gt;" signature="()V" line-rate="0.0" branch-rate="1.0">
							<lines>
								<line number="20" hits="0" branch="false"/>
								<line number="25" hits="0" branch="false"/>
								<line number="29" hits="0" branch="false"/>
							</lines>
						</method>
						<method name="&lt;init&gt;" signature="(Ljava/lang/String;I)V" line-rate="1.0" branch-rate="1.0">
							<lines>
							</lines>
						</method>
						<method name="getFromSystem" signature="()Ljava/lang/String;" line-rate="0.0" branch-rate="0.0">
							<lines>
								<line number="37" hits="0" branch="false"/>
								<line number="38" hits="0" branch="true" condition-coverage="0% (0/2)">
									<conditions>
										<condition number="0" type="jump" coverage="0%"/>
									</conditions>
								</line>
							</lines>
						</method>
						<method name="valueOf" signature="(Ljava/lang/String;)Lorg/lafayette/server/EnvVars;" line-rate="1.0" branch-rate="1.0">
							<lines>
							</lines>
						</method>
						<method name="values" signature="()[Lorg/lafayette/server/EnvVars;" line-rate="1.0" branch-rate="1.0">
							<lines>
							</lines>
						</method>
					</methods>
					<lines>
						<line number="20" hits="0" branch="false"/>
						<line number="25" hits="0" branch="false"/>
						<line number="29" hits="0" branch="false"/>
						<line number="37" hits="0" branch="false"/>
						<line number="38" hits="0" branch="true" condition-coverage="0% (0/2)">
							<conditions>
								<condition number="0" type="jump" coverage="0%"/>
							</conditions>
						</line>
					</lines>
				</class>
				<class name="org.lafayette.server.Registry" filename="org/lafayette/server/Registry.java" line-rate="1.0" branch-rate="1.0" complexity="1.0">
					<methods>
						<method name="&lt;init&gt;" signature="()V" line-rate="1.0" branch-rate="1.0">
							<lines>
								<line number="47" hits="26" branch="false"/>
								<line number="51" hits="26" branch="false"/>
								<line number="55" hits="26" branch="false"/>
								<line number="59" hits="26" branch="false"/>
								<line number="63" hits="26" branch="false"/>
								<line number="67" hits="26" branch="false"/>
								<line number="71" hits="26" branch="false"/>
								<line number="79" hits="26" branch="false"/>
								<line number="80" hits="26" branch="false"/>
							</lines>
						</method>
						<method name="getDatabase" signature="()Ljava/sql/Connection;" line-rate="1.0" branch-rate="1.0">
							<lines>
								<line number="126" hits="2" branch="false"/>
							</lines>
						</method>
						<method name="getDependnecyInjector" signature="()Lcom/google/inject/Injector;" line-rate="1.0" branch-rate="1.0">
							<lines>
								<line number="212" hits="2" branch="false"/>
							</lines>
						</method>
						<method name="getMappers" signature="()Lorg/lafayette/server/mapper/Mappers;" line-rate="1.0" branch-rate="1.0">
							<lines>
								<line number="164" hits="5" branch="false"/>
							</lines>
						</method>
						<method name="getNongeGenerator" signature="()Lorg/lafayette/server/nonce/Nonce;" line-rate="1.0" branch-rate="1.0">
							<lines>
								<line number="183" hits="2" branch="false"/>
							</lines>
						</method>
						<method name="getServerConfig" signature="()Lorg/lafayette/server/config/ServerConfig;" line-rate="1.0" branch-rate="1.0">
							<lines>
								<line number="145" hits="3" branch="false"/>
							</lines>
						</method>
						<method name="getStage" signature="()Lorg/lafayette/server/Stage;" line-rate="1.0" branch-rate="1.0">
							<lines>
								<line number="107" hits="2" branch="false"/>
							</lines>
						</method>
						<method name="getVersion" signature="()Lde/weltraumschaf/commons/Version;" line-rate="1.0" branch-rate="1.0">
							<lines>
								<line number="88" hits="2" branch="false"/>
							</lines>
						</method>
						<method name="setDatabase" signature="(Ljava/sql/Connection;)V" line-rate="1.0" branch-rate="1.0">
							<lines>
								<line number="135" hits="2" branch="false"/>
								<line number="136" hits="1" branch="false"/>
								<line number="137" hits="1" branch="false"/>
							</lines>
						</method>
						<method name="setDependnecyInjector" signature="(Lcom/google/inject/Injector;)V" line-rate="1.0" branch-rate="1.0">
							<lines>
								<line number="202" hits="2" branch="false"/>
								<line number="203" hits="1" branch="false"/>
								<line number="204" hits="1" branch="false"/>
							</lines>
						</method>
						<method name="setMappers" signature="(Lorg/lafayette/server/mapper/Mappers;)V" line-rate="1.0" branch-rate="1.0">
							<lines>
								<line number="173" hits="3" branch="false"/>
								<line number="174" hits="2" branch="false"/>
								<line number="175" hits="2" branch="false"/>
							</lines>
						</method>
						<method name="setNongeGenerator" signature="(Lorg/lafayette/server/nonce/Nonce;)V" line-rate="1.0" branch-rate="1.0">
							<lines>
								<line number="192" hits="2" branch="false"/>
								<line number="193" hits="1" branch="false"/>
								<line number="194" hits="1" branch="false"/>
							</lines>
						</method>
						<method name="setServerConfig" signature="(Lorg/lafayette/server/config/ServerConfig;)V" line-rate="1.0" branch-rate="1.0">
							<lines>
								<line number="154" hits="2" branch="false"/>
								<line number="155" hits="1" branch="false"/>
								<line number="156" hits="1" branch="false"/>
							</lines>
						</method>
						<method name="setStage" signature="(Lorg/lafayette/server/Stage;)V" line-rate="1.0" branch-rate="1.0">
							<lines>
								<line number="116" hits="2" branch="false"/>
								<line number="117" hits="1" branch="false"/>
								<line number="118" hits="1" branch="false"/>
							</lines>
						</method>
						<method name="setVersion" signature="(Lde/weltraumschaf/commons/Version;)V" line-rate="1.0" branch-rate="1.0">
							<lines>
								<line number="97" hits="2" branch="false"/>
								<line number="98" hits="1" branch="false"/>
								<line number="99" hits="1" branch="false"/>
							</lines>
						</method>
					</methods>
					<lines>
						<line number="47" hits="26" branch="false"/>
						<line number="51" hits="26" branch="false"/>
						<line number="55" hits="26" branch="false"/>
						<line number="59" hits="26" branch="false"/>
						<line number="63" hits="26" branch="false"/>
						<line number="67" hits="26" branch="false"/>
						<line number="71" hits="26" branch="false"/>
						<line number="79" hits="26" branch="false"/>
						<line number="80" hits="26" branch="false"/>
						<line number="88" hits="2" branch="false"/>
						<line number="97" hits="2" branch="false"/>
						<line number="98" hits="1" branch="false"/>
						<line number="99" hits="1" branch="false"/>
						<line number="107" hits="2" branch="false"/>
						<line number="116" hits="2" branch="false"/>
						<line number="117" hits="1" branch="false"/>
						<line number="118" hits="1" branch="false"/>
						<line number="126" hits="2" branch="false"/>
						<line number="135" hits="2" branch="false"/>
						<line number="136" hits="1" branch="false"/>
						<line number="137" hits="1" branch="false"/>
						<line number="145" hits="3" branch="false"/>
						<line number="154" hits="2" branch="false"/>
						<line number="155" hits="1" branch="false"/>
						<line number="156" hits="1" branch="false"/>
						<line number="164" hits="5" branch="false"/>
						<line number="173" hits="3" branch="false"/>
						<line number="174" hits="2" branch="false"/>
						<line number="175" hits="2" branch="false"/>
						<line number="183" hits="2" branch="false"/>
						<line number="192" hits="2" branch="false"/>
						<line number="193" hits="1" branch="false"/>
						<line number="194" hits="1" branch="false"/>
						<line number="202" hits="2" branch="false"/>
						<line number="203" hits="1" branch="false"/>
						<line number="204" hits="1" branch="false"/>
						<line number="212" hits="2" branch="false"/>
					</lines>
				</class>
				<class name="org.lafayette.server.ServerContextListener" filename="org/lafayette/server/ServerContextListener.java" line-rate="0.0" branch-rate="0.0" complexity="2.0">
					<methods>
						<method name="&lt;clinit&gt;" signature="()V" line-rate="0.0" branch-rate="1.0">
							<lines>
								<line number="54" hits="0" branch="false"/>
							</lines>
						</method>
						<method name="&lt;init&gt;" signature="()V" line-rate="0.0" branch-rate="1.0">
							<lines>
								<line number="58" hits="0" branch="false"/>
								<line number="66" hits="0" branch="false"/>
								<line number="67" hits="0" branch="false"/>
							</lines>
						</method>
						<method name="closeDatabaseConnection" signature="()V" line-rate="0.0" branch-rate="1.0">
							<lines>
								<line number="193" hits="0" branch="false"/>
								<line number="194" hits="0" branch="false"/>
								<line number="195" hits="0" branch="false"/>
								<line number="196" hits="0" branch="false"/>
								<line number="197" hits="0" branch="false"/>
								<line number="198" hits="0" branch="false"/>
							</lines>
						</method>
						<method name="contextDestroyed" signature="(Ljavax/servlet/ServletContextEvent;)V" line-rate="0.0" branch-rate="1.0">
							<lines>
								<line number="91" hits="0" branch="false"/>
								<line number="92" hits="0" branch="false"/>
								<line number="93" hits="0" branch="false"/>
							</lines>
						</method>
						<method name="contextInitialized" signature="(Ljavax/servlet/ServletContextEvent;)V" line-rate="0.0" branch-rate="1.0">
							<lines>
								<line number="80" hits="0" branch="false"/>
								<line number="81" hits="0" branch="false"/>
								<line number="82" hits="0" branch="false"/>
								<line number="83" hits="0" branch="false"/>
								<line number="84" hits="0" branch="false"/>
								<line number="85" hits="0" branch="false"/>
								<line number="86" hits="0" branch="false"/>
								<line number="87" hits="0" branch="false"/>
							</lines>
						</method>
						<method name="createMappersFactory" signature="(Ljava/sql/Connection;)V" line-rate="0.0" branch-rate="1.0">
							<lines>
								<line number="206" hits="0" branch="false"/>
								<line number="207" hits="0" branch="false"/>
							</lines>
						</method>
						<method name="getInjector" signature="()Lcom/google/inject/Injector;" line-rate="0.0" branch-rate="1.0">
							<lines>
								<line number="72" hits="0" branch="false"/>
								<line number="73" hits="0" branch="false"/>
								<line number="74" hits="0" branch="false"/>
								<line number="75" hits="0" branch="false"/>
							</lines>
						</method>
						<method name="loadConfig" signature="()Lorg/lafayette/server/config/ServerConfig;" line-rate="0.0" branch-rate="0.0">
							<lines>
								<line number="156" hits="0" branch="false"/>
								<line number="157" hits="0" branch="false"/>
								<line number="158" hits="0" branch="false"/>
								<line number="159" hits="0" branch="false"/>
								<line number="162" hits="0" branch="false"/>
								<line number="163" hits="0" branch="false"/>
								<line number="165" hits="0" branch="true" condition-coverage="0% (0/2)">
									<conditions>
										<condition number="0" type="jump" coverage="0%"/>
									</conditions>
								</line>
								<line number="166" hits="0" branch="false"/>
								<line number="167" hits="0" branch="false"/>
								<line number="168" hits="0" branch="false"/>
								<line number="169" hits="0" branch="false"/>
								<line number="170" hits="0" branch="false"/>
								<line number="171" hits="0" branch="false"/>
								<line number="173" hits="0" branch="false"/>
								<line number="174" hits="0" branch="false"/>
								<line number="176" hits="0" branch="false"/>
								<line number="177" hits="0" branch="true" condition-coverage="0% (0/2)">
									<conditions>
										<condition number="0" type="jump" coverage="0%"/>
									</conditions>
								</line>
								<line number="178" hits="0" branch="false"/>
								<line number="180" hits="0" branch="false"/>
								<line number="181" hits="0" branch="false"/>
								<line number="182" hits="0" branch="false"/>
								<line number="183" hits="0" branch="false"/>
								<line number="185" hits="0" branch="false"/>
							</lines>
						</method>
						<method name="loadStage" signature="()V" line-rate="0.0" branch-rate="1.0">
							<lines>
								<line number="114" hits="0" branch="false"/>
								<line number="115" hits="0" branch="false"/>
								<line number="116" hits="0" branch="false"/>
								<line number="117" hits="0" branch="false"/>
								<line number="118" hits="0" branch="false"/>
								<line number="119" hits="0" branch="false"/>
							</lines>
						</method>
						<method name="loadVersion" signature="()V" line-rate="0.0" branch-rate="1.0">
							<lines>
								<line number="100" hits="0" branch="false"/>
								<line number="101" hits="0" branch="false"/>
								<line number="102" hits="0" branch="false"/>
								<line number="103" hits="0" branch="false"/>
								<line number="104" hits="0" branch="false"/>
								<line number="105" hits="0" branch="false"/>
								<line number="106" hits="0" branch="false"/>
								<line number="107" hits="0" branch="false"/>
								<line number="108" hits="0" branch="false"/>
							</lines>
						</method>
						<method name="openDatabaseConnection" signature="(Lorg/lafayette/server/config/ServerConfig;)Ljava/sql/Connection;" line-rate="0.0" branch-rate="1.0">
							<lines>
								<line number="129" hits="0" branch="false"/>
								<line number="130" hits="0" branch="false"/>
								<line number="131" hits="0" branch="false"/>
								<line number="132" hits="0" branch="false"/>
								<line number="136" hits="0" branch="false"/>
								<line number="137" hits="0" branch="false"/>
								<line number="138" hits="0" branch="false"/>
								<line number="139" hits="0" branch="false"/>
								<line number="140" hits="0" branch="false"/>
								<line number="141" hits="0" branch="false"/>
								<line number="142" hits="0" branch="false"/>
								<line number="143" hits="0" branch="false"/>
								<line number="144" hits="0" branch="false"/>
								<line number="145" hits="0" branch="false"/>
								<line number="147" hits="0" branch="false"/>
							</lines>
						</method>
					</methods>
					<lines>
						<line number="54" hits="0" branch="false"/>
						<line number="58" hits="0" branch="false"/>
						<line number="66" hits="0" branch="false"/>
						<line number="67" hits="0" branch="false"/>
						<line number="72" hits="0" branch="false"/>
						<line number="73" hits="0" branch="false"/>
						<line number="74" hits="0" branch="false"/>
						<line number="75" hits="0" branch="false"/>
						<line number="80" hits="0" branch="false"/>
						<line number="81" hits="0" branch="false"/>
						<line number="82" hits="0" branch="false"/>
						<line number="83" hits="0" branch="false"/>
						<line number="84" hits="0" branch="false"/>
						<line number="85" hits="0" branch="false"/>
						<line number="86" hits="0" branch="false"/>
						<line number="87" hits="0" branch="false"/>
						<line number="91" hits="0" branch="false"/>
						<line number="92" hits="0" branch="false"/>
						<line number="93" hits="0" branch="false"/>
						<line number="100" hits="0" branch="false"/>
						<line number="101" hits="0" branch="false"/>
						<line number="102" hits="0" branch="false"/>
						<line number="103" hits="0" branch="false"/>
						<line number="104" hits="0" branch="false"/>
						<line number="105" hits="0" branch="false"/>
						<line number="106" hits="0" branch="false"/>
						<line number="107" hits="0" branch="false"/>
						<line number="108" hits="0" branch="false"/>
						<line number="114" hits="0" branch="false"/>
						<line number="115" hits="0" branch="false"/>
						<line number="116" hits="0" branch="false"/>
						<line number="117" hits="0" branch="false"/>
						<line number="118" hits="0" branch="false"/>
						<line number="119" hits="0" branch="false"/>
						<line number="129" hits="0" branch="false"/>
						<line number="130" hits="0" branch="false"/>
						<line number="131" hits="0" branch="false"/>
						<line number="132" hits="0" branch="false"/>
						<line number="136" hits="0" branch="false"/>
						<line number="137" hits="0" branch="false"/>
						<line number="138" hits="0" branch="false"/>
						<line number="139" hits="0" branch="false"/>
						<line number="140" hits="0" branch="false"/>
						<line number="141" hits="0" branch="false"/>
						<line number="142" hits="0" branch="false"/>
						<line number="143" hits="0" branch="false"/>
						<line number="144" hits="0" branch="false"/>
						<line number="145" hits="0" branch="false"/>
						<line number="147" hits="0" branch="false"/>
						<line number="156" hits="0" branch="false"/>
						<line number="157" hits="0" branch="false"/>
						<line number="158" hits="0" branch="false"/>
						<line number="159" hits="0" branch="false"/>
						<line number="162" hits="0" branch="false"/>
						<line number="163" hits="0" branch="false"/>
						<line number="165" hits="0" branch="true" condition-coverage="0% (0/2)">
							<conditions>
								<condition number="0" type="jump" coverage="0%"/>
							</conditions>
						</line>
						<line number="166" hits="0" branch="false"/>
						<line number="167" hits="0" branch="false"/>
						<line number="168" hits="0" branch="false"/>
						<line number="169" hits="0" branch="false"/>
						<line number="170" hits="0" branch="false"/>
						<line number="171" hits="0" branch="false"/>
						<line number="173" hits="0" branch="false"/>
						<line number="174" hits="0" branch="false"/>
						<line number="176" hits="0" branch="false"/>
						<line number="177" hits="0" branch="true" condition-coverage="0% (0/2)">
							<conditions>
								<condition number="0" type="jump" coverage="0%"/>
							</conditions>
						</line>
						<line number="178" hits="0" branch="false"/>
						<line number="180" hits="0" branch="false"/>
						<line number="181" hits="0" branch="false"/>
						<line number="182" hits="0" branch="false"/>
						<line number="183" hits="0" branch="false"/>
						<line number="185" hits="0" branch="false"/>
						<line number="193" hits="0" branch="false"/>
						<line number="194" hits="0" branch="false"/>
						<line number="195" hits="0" branch="false"/>
						<line number="196" hits="0" branch="false"/>
						<line number="197" hits="0" branch="false"/>
						<line number="198" hits="0" branch="false"/>
						<line number="206" hits="0" branch="false"/>
						<line number="207" hits="0" branch="false"/>
					</lines>
				</class>
				<class name="org.lafayette.server.Stage" filename="org/lafayette/server/Stage.java" line-rate="1.0" branch-rate="1.0" complexity="1.5714285714285714">
					<methods>
						<method name="&lt;clinit&gt;" signature="()V" line-rate="1.0" branch-rate="1.0">
							<lines>
								<line number="30" hits="1" branch="false"/>
							</lines>
						</method>
						<method name="&lt;init&gt;" signature="()V" line-rate="1.0" branch-rate="1.0">
							<lines>
								<line number="40" hits="28" branch="false"/>
								<line number="41" hits="28" branch="false"/>
							</lines>
						</method>
						<method name="&lt;init&gt;" signature="(Ljava/lang/String;)V" line-rate="1.0" branch-rate="1.0">
							<lines>
								<line number="50" hits="6" branch="false"/>
								<line number="51" hits="6" branch="false"/>
							</lines>
						</method>
						<method name="&lt;init&gt;" signature="(Lorg/lafayette/server/Stage$Stages;)V" line-rate="1.0" branch-rate="1.0">
							<lines>
								<line number="59" hits="34" branch="false"/>
								<line number="60" hits="34" branch="false"/>
								<line number="61" hits="34" branch="false"/>
							</lines>
						</method>
						<method name="access$000" signature="()Lorg/lafayette/server/Stage$Stages;" line-rate="1.0" branch-rate="1.0">
							<lines>
								<line number="25" hits="4" branch="false"/>
							</lines>
						</method>
						<method name="getStage" signature="()Lorg/lafayette/server/Stage$Stages;" line-rate="1.0" branch-rate="1.0">
							<lines>
								<line number="69" hits="5" branch="false"/>
							</lines>
						</method>
						<method name="toString" signature="()Ljava/lang/String;" line-rate="1.0" branch-rate="1.0">
							<lines>
								<line number="74" hits="2" branch="false"/>
							</lines>
						</method>
					</methods>
					<lines>
						<line number="25" hits="4" branch="false"/>
						<line number="30" hits="1" branch="false"/>
						<line number="40" hits="28" branch="false"/>
						<line number="41" hits="28" branch="false"/>
						<line number="50" hits="6" branch="false"/>
						<line number="51" hits="6" branch="false"/>
						<line number="59" hits="34" branch="false"/>
						<line number="60" hits="34" branch="false"/>
						<line number="61" hits="34" branch="false"/>
						<line number="69" hits="5" branch="false"/>
						<line number="74" hits="2" branch="false"/>
					</lines>
				</class>
				<class name="org.lafayette.server.Stage$Stages" filename="org/lafayette/server/Stage.java" line-rate="1.0" branch-rate="1.0" complexity="1.5714285714285714">
					<methods>
						<method name="&lt;clinit&gt;" signature="()V" line-rate="1.0" branch-rate="1.0">
							<lines>
								<line number="80" hits="3" branch="false"/>
								<line number="85" hits="1" branch="false"/>
								<line number="89" hits="1" branch="false"/>
							</lines>
						</method>
						<method name="&lt;init&gt;" signature="(Ljava/lang/String;I)V" line-rate="1.0" branch-rate="1.0">
							<lines>
							</lines>
						</method>
						<method name="map" signature="(Ljava/lang/String;)Lorg/lafayette/server/Stage$Stages;" line-rate="1.0" branch-rate="1.0">
							<lines>
								<line number="110" hits="10" branch="true" condition-coverage="100% (2/2)">
									<conditions>
										<condition number="0" type="jump" coverage="100%"/>
									</conditions>
								</line>
								<line number="111" hits="3" branch="false"/>
								<line number="112" hits="7" branch="true" condition-coverage="100% (2/2)">
									<conditions>
										<condition number="0" type="jump" coverage="100%"/>
									</conditions>
								</line>
								<line number="113" hits="3" branch="false"/>
								<line number="116" hits="4" branch="false"/>
							</lines>
						</method>
						<method name="toString" signature="()Ljava/lang/String;" line-rate="1.0" branch-rate="1.0">
							<lines>
								<line number="93" hits="2" branch="false"/>
							</lines>
						</method>
						<method name="valueOf" signature="(Ljava/lang/String;)Lorg/lafayette/server/Stage$Stages;" line-rate="1.0" branch-rate="1.0">
							<lines>
							</lines>
						</method>
						<method name="values" signature="()[Lorg/lafayette/server/Stage$Stages;" line-rate="1.0" branch-rate="1.0">
							<lines>
							</lines>
						</method>
					</methods>
					<lines>
						<line number="80" hits="3" branch="false"/>
						<line number="85" hits="1" branch="false"/>
						<line number="89" hits="1" branch="false"/>
						<line number="93" hits="2" branch="false"/>
						<line number="110" hits="10" branch="true" condition-coverage="100% (2/2)">
							<conditions>
								<condition number="0" type="jump" coverage="100%"/>
							</conditions>
						</line>
						<line number="111" hits="3" branch="false"/>
						<line number="112" hits="7" branch="true" condition-coverage="100% (2/2)">
							<conditions>
								<condition number="0" type="jump" coverage="100%"/>
							</conditions>
						</line>
						<line number="113" hits="3" branch="false"/>
						<line number="116" hits="4" branch="false"/>
					</lines>
				</class>
			</classes>
		</package>
		<package name="org.lafayette.server.config" line-rate="0.6404494382022472" branch-rate="0.625" complexity="1.8823529411764706">
			<classes>
				<class name="org.lafayette.server.config.ConfigLoader" filename="org/lafayette/server/config/ConfigLoader.java" line-rate="0.2727272727272727" branch-rate="0.0" complexity="1.875">
					<methods>
						<method name="&lt;clinit&gt;" signature="()V" line-rate="1.0" branch-rate="1.0">
							<lines>
								<line number="31" hits="1" branch="false"/>
							</lines>
						</method>
						<method name="&lt;init&gt;" signature="(Lorg/lafayette/server/config/LoaderStrategie;)V" line-rate="1.0" branch-rate="1.0">
							<lines>
								<line number="43" hits="1" branch="false"/>
								<line number="44" hits="1" branch="false"/>
								<line number="45" hits="1" branch="false"/>
							</lines>
						</method>
						<method name="create" signature="()Lorg/lafayette/server/config/ConfigLoader;" line-rate="0.0" branch-rate="1.0">
							<lines>
								<line number="91" hits="0" branch="false"/>
							</lines>
						</method>
						<method name="create" signature="(Lorg/lafayette/server/config/LoaderStrategie;)Lorg/lafayette/server/config/ConfigLoader;" line-rate="1.0" branch-rate="1.0">
							<lines>
								<line number="101" hits="1" branch="false"/>
							</lines>
						</method>
						<method name="determineStrategy" signature="()Lorg/lafayette/server/config/LoaderStrategie;" line-rate="0.0" branch-rate="1.0">
							<lines>
								<line number="54" hits="0" branch="false"/>
							</lines>
						</method>
						<method name="determineStrategy" signature="(Ljava/lang/String;)Lorg/lafayette/server/config/LoaderStrategie;" line-rate="0.0" branch-rate="0.0">
							<lines>
								<line number="66" hits="0" branch="false"/>
								<line number="68" hits="0" branch="true" condition-coverage="0% (0/2)">
									<conditions>
										<condition number="0" type="jump" coverage="0%"/>
									</conditions>
								</line>
								<line number="69" hits="0" branch="false"/>
								<line number="70" hits="0" branch="false"/>
								<line number="71" hits="0" branch="true" condition-coverage="0% (0/4)">
									<conditions>
										<condition number="0" type="jump" coverage="0%"/>
										<condition number="1" type="jump" coverage="0%"/>
									</conditions>
								</line>
								<line number="72" hits="0" branch="false"/>
								<line number="74" hits="0" branch="true" condition-coverage="0% (0/2)">
									<conditions>
										<condition number="0" type="jump" coverage="0%"/>
									</conditions>
								</line>
								<line number="75" hits="0" branch="false"/>
								<line number="78" hits="0" branch="false"/>
								<line number="79" hits="0" branch="false"/>
								<line number="81" hits="0" branch="false"/>
							</lines>
						</method>
						<method name="getFile" signature="()Ljava/io/File;" line-rate="1.0" branch-rate="1.0">
							<lines>
								<line number="130" hits="1" branch="false"/>
							</lines>
						</method>
						<method name="hasConfig" signature="()Z" line-rate="0.0" branch-rate="1.0">
							<lines>
								<line number="119" hits="0" branch="false"/>
							</lines>
						</method>
						<method name="load" signature="()V" line-rate="0.0" branch-rate="1.0">
							<lines>
								<line number="108" hits="0" branch="false"/>
								<line number="109" hits="0" branch="false"/>
							</lines>
						</method>
					</methods>
					<lines>
						<line number="31" hits="1" branch="false"/>
						<line number="43" hits="1" branch="false"/>
						<line number="44" hits="1" branch="false"/>
						<line number="45" hits="1" branch="false"/>
						<line number="54" hits="0" branch="false"/>
						<line number="66" hits="0" branch="false"/>
						<line number="68" hits="0" branch="true" condition-coverage="0% (0/2)">
							<conditions>
								<condition number="0" type="jump" coverage="0%"/>
							</conditions>
						</line>
						<line number="69" hits="0" branch="false"/>
						<line number="70" hits="0" branch="false"/>
						<line number="71" hits="0" branch="true" condition-coverage="0% (0/4)">
							<conditions>
								<condition number="0" type="jump" coverage="0%"/>
								<condition number="1" type="jump" coverage="0%"/>
							</conditions>
						</line>
						<line number="72" hits="0" branch="false"/>
						<line number="74" hits="0" branch="true" condition-coverage="0% (0/2)">
							<conditions>
								<condition number="0" type="jump" coverage="0%"/>
							</conditions>
						</line>
						<line number="75" hits="0" branch="false"/>
						<line number="78" hits="0" branch="false"/>
						<line number="79" hits="0" branch="false"/>
						<line number="81" hits="0" branch="false"/>
						<line number="91" hits="0" branch="false"/>
						<line number="101" hits="1" branch="false"/>
						<line number="108" hits="0" branch="false"/>
						<line number="109" hits="0" branch="false"/>
						<line number="119" hits="0" branch="false"/>
						<line number="130" hits="1" branch="false"/>
					</lines>
				</class>
				<class name="org.lafayette.server.config.LoaderStrategie" filename="org/lafayette/server/config/LoaderStrategie.java" line-rate="1.0" branch-rate="1.0" complexity="1.0">
					<methods>
					</methods>
					<lines>
					</lines>
				</class>
				<class name="org.lafayette.server.config.ServerConfig" filename="org/lafayette/server/config/ServerConfig.java" line-rate="1.0" branch-rate="0.75" complexity="1.4444444444444444">
					<methods>
						<method name="&lt;init&gt;" signature="(Ljava/util/Properties;)V" line-rate="1.0" branch-rate="1.0">
							<lines>
								<line number="67" hits="43" branch="false"/>
								<line number="68" hits="43" branch="false"/>
								<line number="69" hits="43" branch="false"/>
							</lines>
						</method>
						<method name="generateJdbcUri" signature="()Ljava/lang/String;" line-rate="1.0" branch-rate="1.0">
							<lines>
								<line number="147" hits="3" branch="false"/>
								<line number="148" hits="3" branch="false"/>
								<line number="152" hits="3" branch="true" condition-coverage="100% (2/2)">
									<conditions>
										<condition number="0" type="jump" coverage="100%"/>
									</conditions>
								</line>
								<line number="153" hits="1" branch="false"/>
								<line number="156" hits="3" branch="false"/>
								<line number="157" hits="3" branch="false"/>
							</lines>
						</method>
						<method name="getDbDriver" signature="()Ljava/lang/String;" line-rate="1.0" branch-rate="1.0">
							<lines>
								<line number="127" hits="6" branch="false"/>
							</lines>
						</method>
						<method name="getDbHost" signature="()Ljava/lang/String;" line-rate="1.0" branch-rate="1.0">
							<lines>
								<line number="77" hits="6" branch="false"/>
							</lines>
						</method>
						<method name="getDbName" signature="()Ljava/lang/String;" line-rate="1.0" branch-rate="1.0">
							<lines>
								<line number="100" hits="6" branch="false"/>
							</lines>
						</method>
						<method name="getDbPassword" signature="()Ljava/lang/String;" line-rate="1.0" branch-rate="1.0">
							<lines>
								<line number="118" hits="3" branch="false"/>
							</lines>
						</method>
						<method name="getDbPort" signature="()I" line-rate="1.0" branch-rate="0.5">
							<lines>
								<line number="87" hits="7" branch="false"/>
								<line number="88" hits="4" branch="true" condition-coverage="50% (1/2)">
									<conditions>
										<condition number="0" type="jump" coverage="50%"/>
									</conditions>
								</line>
								<line number="89" hits="3" branch="false"/>
								<line number="90" hits="3" branch="false"/>
							</lines>
						</method>
						<method name="getDbUser" signature="()Ljava/lang/String;" line-rate="1.0" branch-rate="1.0">
							<lines>
								<line number="109" hits="3" branch="false"/>
							</lines>
						</method>
						<method name="getSecurotyRealm" signature="()Ljava/lang/String;" line-rate="1.0" branch-rate="1.0">
							<lines>
								<line number="136" hits="3" branch="false"/>
							</lines>
						</method>
					</methods>
					<lines>
						<line number="67" hits="43" branch="false"/>
						<line number="68" hits="43" branch="false"/>
						<line number="69" hits="43" branch="false"/>
						<line number="77" hits="6" branch="false"/>
						<line number="87" hits="7" branch="false"/>
						<line number="88" hits="4" branch="true" condition-coverage="50% (1/2)">
							<conditions>
								<condition number="0" type="jump" coverage="50%"/>
							</conditions>
						</line>
						<line number="89" hits="3" branch="false"/>
						<line number="90" hits="3" branch="false"/>
						<line number="100" hits="6" branch="false"/>
						<line number="109" hits="3" branch="false"/>
						<line number="118" hits="3" branch="false"/>
						<line number="127" hits="6" branch="false"/>
						<line number="136" hits="3" branch="false"/>
						<line number="147" hits="3" branch="false"/>
						<line number="148" hits="3" branch="false"/>
						<line number="152" hits="3" branch="true" condition-coverage="100% (2/2)">
							<conditions>
								<condition number="0" type="jump" coverage="100%"/>
							</conditions>
						</line>
						<line number="153" hits="1" branch="false"/>
						<line number="156" hits="3" branch="false"/>
						<line number="157" hits="3" branch="false"/>
					</lines>
				</class>
				<class name="org.lafayette.server.config.TestStrategy" filename="org/lafayette/server/config/TestStrategy.java" line-rate="0.3333333333333333" branch-rate="1.0" complexity="2.0">
					<methods>
						<method name="&lt;init&gt;" signature="()V" line-rate="1.0" branch-rate="1.0">
							<lines>
								<line number="23" hits="1" branch="false"/>
							</lines>
						</method>
						<method name="findConfig" signature="()V" line-rate="0.0" branch-rate="1.0">
							<lines>
								<line number="49" hits="0" branch="false"/>
							</lines>
						</method>
						<method name="getFoundConfig" signature="()Ljava/io/File;" line-rate="0.3333333333333333" branch-rate="1.0">
							<lines>
								<line number="40" hits="1" branch="false"/>
								<line number="41" hits="0" branch="false"/>
								<line number="42" hits="0" branch="false"/>
							</lines>
						</method>
						<method name="hasFoundConfig" signature="()Z" line-rate="0.0" branch-rate="1.0">
							<lines>
								<line number="34" hits="0" branch="false"/>
							</lines>
						</method>
					</methods>
					<lines>
						<line number="23" hits="1" branch="false"/>
						<line number="34" hits="0" branch="false"/>
						<line number="40" hits="1" branch="false"/>
						<line number="41" hits="0" branch="false"/>
						<line number="42" hits="0" branch="false"/>
						<line number="49" hits="0" branch="false"/>
					</lines>
				</class>
				<class name="org.lafayette.server.config.UnixStrategy" filename="org/lafayette/server/config/UnixStrategy.java" line-rate="0.7894736842105263" branch-rate="0.85" complexity="2.625">
					<methods>
						<method name="&lt;clinit&gt;" signature="()V" line-rate="1.0" branch-rate="1.0">
							<lines>
								<line number="53" hits="1" branch="false"/>
							</lines>
						</method>
						<method name="&lt;init&gt;" signature="(Ljava/lang/String;)V" line-rate="0.0" branch-rate="1.0">
							<lines>
								<line number="72" hits="0" branch="false"/>
								<line number="73" hits="0" branch="false"/>
							</lines>
						</method>
						<method name="&lt;init&gt;" signature="(Ljava/lang/String;Ljava/lang/String;)V" line-rate="1.0" branch-rate="1.0">
							<lines>
								<line number="60" hits="4" branch="false"/>
								<line number="85" hits="4" branch="false"/>
								<line number="86" hits="4" branch="false"/>
								<line number="87" hits="4" branch="false"/>
								<line number="88" hits="4" branch="false"/>
							</lines>
						</method>
						<method name="createHomeConfigFileName" signature="(Ljava/lang/String;)Ljava/lang/String;" line-rate="1.0" branch-rate="1.0">
							<lines>
								<line number="100" hits="11" branch="true" condition-coverage="100% (2/2)">
									<conditions>
										<condition number="0" type="jump" coverage="100%"/>
									</conditions>
								</line>
								<line number="101" hits="1" branch="false"/>
								<line number="104" hits="10" branch="true" condition-coverage="100% (2/2)">
									<conditions>
										<condition number="0" type="jump" coverage="100%"/>
									</conditions>
								</line>
								<line number="105" hits="1" branch="false"/>
								<line number="108" hits="9" branch="false"/>
							</lines>
						</method>
						<method name="createSystemConfigFileName" signature="(Ljava/lang/String;)Ljava/lang/String;" line-rate="1.0" branch-rate="1.0">
							<lines>
								<line number="120" hits="11" branch="true" condition-coverage="100% (4/4)">
									<conditions>
										<condition number="0" type="jump" coverage="100%"/>
										<condition number="1" type="jump" coverage="100%"/>
									</conditions>
								</line>
								<line number="121" hits="9" branch="false"/>
								<line number="123" hits="2" branch="false"/>
							</lines>
						</method>
						<method name="findConfig" signature="()V" line-rate="0.6842105263157895" branch-rate="0.7">
							<lines>
								<line number="138" hits="4" branch="true" condition-coverage="50% (1/2)">
									<conditions>
										<condition number="0" type="jump" coverage="50%"/>
									</conditions>
								</line>
								<line number="139" hits="0" branch="false"/>
								<line number="140" hits="0" branch="false"/>
								<line number="143" hits="4" branch="true" condition-coverage="100% (2/2)">
									<conditions>
										<condition number="0" type="jump" coverage="100%"/>
									</conditions>
								</line>
								<line number="144" hits="6" branch="false"/>
								<line number="145" hits="6" branch="false"/>
								<line number="147" hits="6" branch="true" condition-coverage="100% (2/2)">
									<conditions>
										<condition number="0" type="jump" coverage="100%"/>
									</conditions>
								</line>
								<line number="148" hits="3" branch="false"/>
								<line number="149" hits="3" branch="false"/>
								<line number="152" hits="3" branch="true" condition-coverage="50% (1/2)">
									<conditions>
										<condition number="0" type="jump" coverage="50%"/>
									</conditions>
								</line>
								<line number="153" hits="0" branch="false"/>
								<line number="154" hits="0" branch="false"/>
								<line number="157" hits="3" branch="true" condition-coverage="50% (1/2)">
									<conditions>
										<condition number="0" type="jump" coverage="50%"/>
									</conditions>
								</line>
								<line number="158" hits="0" branch="false"/>
								<line number="159" hits="0" branch="false"/>
								<line number="162" hits="3" branch="false"/>
								<line number="163" hits="3" branch="false"/>
								<line number="164" hits="3" branch="false"/>
								<line number="166" hits="4" branch="false"/>
							</lines>
						</method>
						<method name="getFileList" signature="()Ljava/util/Collection;" line-rate="1.0" branch-rate="1.0">
							<lines>
								<line number="174" hits="16" branch="false"/>
							</lines>
						</method>
						<method name="getFoundConfig" signature="()Ljava/io/File;" line-rate="1.0" branch-rate="1.0">
							<lines>
								<line number="133" hits="8" branch="false"/>
							</lines>
						</method>
						<method name="hasFoundConfig" signature="()Z" line-rate="1.0" branch-rate="1.0">
							<lines>
								<line number="128" hits="12" branch="true" condition-coverage="100% (2/2)">
									<conditions>
										<condition number="0" type="jump" coverage="100%"/>
									</conditions>
								</line>
							</lines>
						</method>
					</methods>
					<lines>
						<line number="53" hits="1" branch="false"/>
						<line number="60" hits="4" branch="false"/>
						<line number="72" hits="0" branch="false"/>
						<line number="73" hits="0" branch="false"/>
						<line number="85" hits="4" branch="false"/>
						<line number="86" hits="4" branch="false"/>
						<line number="87" hits="4" branch="false"/>
						<line number="88" hits="4" branch="false"/>
						<line number="100" hits="11" branch="true" condition-coverage="100% (2/2)">
							<conditions>
								<condition number="0" type="jump" coverage="100%"/>
							</conditions>
						</line>
						<line number="101" hits="1" branch="false"/>
						<line number="104" hits="10" branch="true" condition-coverage="100% (2/2)">
							<conditions>
								<condition number="0" type="jump" coverage="100%"/>
							</conditions>
						</line>
						<line number="105" hits="1" branch="false"/>
						<line number="108" hits="9" branch="false"/>
						<line number="120" hits="11" branch="true" condition-coverage="100% (4/4)">
							<conditions>
								<condition number="0" type="jump" coverage="100%"/>
								<condition number="1" type="jump" coverage="100%"/>
							</conditions>
						</line>
						<line number="121" hits="9" branch="false"/>
						<line number="123" hits="2" branch="false"/>
						<line number="128" hits="12" branch="true" condition-coverage="100% (2/2)">
							<conditions>
								<condition number="0" type="jump" coverage="100%"/>
							</conditions>
						</line>
						<line number="133" hits="8" branch="false"/>
						<line number="138" hits="4" branch="true" condition-coverage="50% (1/2)">
							<conditions>
								<condition number="0" type="jump" coverage="50%"/>
							</conditions>
						</line>
						<line number="139" hits="0" branch="false"/>
						<line number="140" hits="0" branch="false"/>
						<line number="143" hits="4" branch="true" condition-coverage="100% (2/2)">
							<conditions>
								<condition number="0" type="jump" coverage="100%"/>
							</conditions>
						</line>
						<line number="144" hits="6" branch="false"/>
						<line number="145" hits="6" branch="false"/>
						<line number="147" hits="6" branch="true" condition-coverage="100% (2/2)">
							<conditions>
								<condition number="0" type="jump" coverage="100%"/>
							</conditions>
						</line>
						<line number="148" hits="3" branch="false"/>
						<line number="149" hits="3" branch="false"/>
						<line number="152" hits="3" branch="true" condition-coverage="50% (1/2)">
							<conditions>
								<condition number="0" type="jump" coverage="50%"/>
							</conditions>
						</line>
						<line number="153" hits="0" branch="false"/>
						<line number="154" hits="0" branch="false"/>
						<line number="157" hits="3" branch="true" condition-coverage="50% (1/2)">
							<conditions>
								<condition number="0" type="jump" coverage="50%"/>
							</conditions>
						</line>
						<line number="158" hits="0" branch="false"/>
						<line number="159" hits="0" branch="false"/>
						<line number="162" hits="3" branch="false"/>
						<line number="163" hits="3" branch="false"/>
						<line number="164" hits="3" branch="false"/>
						<line number="166" hits="4" branch="false"/>
						<line number="174" hits="16" branch="false"/>
					</lines>
				</class>
				<class name="org.lafayette.server.config.WindowsStrategy" filename="org/lafayette/server/config/WindowsStrategy.java" line-rate="0.0" branch-rate="1.0" complexity="2.0">
					<methods>
						<method name="&lt;init&gt;" signature="()V" line-rate="0.0" branch-rate="1.0">
							<lines>
								<line number="21" hits="0" branch="false"/>
							</lines>
						</method>
						<method name="findConfig" signature="()V" line-rate="0.0" branch-rate="1.0">
							<lines>
								<line number="35" hits="0" branch="false"/>
							</lines>
						</method>
						<method name="getFoundConfig" signature="()Ljava/io/File;" line-rate="0.0" branch-rate="1.0">
							<lines>
								<line number="30" hits="0" branch="false"/>
							</lines>
						</method>
						<method name="hasFoundConfig" signature="()Z" line-rate="0.0" branch-rate="1.0">
							<lines>
								<line number="25" hits="0" branch="false"/>
							</lines>
						</method>
					</methods>
					<lines>
						<line number="21" hits="0" branch="false"/>
						<line number="25" hits="0" branch="false"/>
						<line number="30" hits="0" branch="false"/>
						<line number="35" hits="0" branch="false"/>
					</lines>
				</class>
			</classes>
		</package>
		<package name="org.lafayette.server.filter" line-rate="0.95" branch-rate="0.8888888888888888" complexity="1.7391304347826086">
			<classes>
				<class name="org.lafayette.server.filter.Authentication" filename="org/lafayette/server/filter/Authentication.java" line-rate="1.0" branch-rate="1.0" complexity="0.0">
					<methods>
					</methods>
					<lines>
					</lines>
				</class>
				<class name="org.lafayette.server.filter.AuthenticationResourceFilters" filename="org/lafayette/server/filter/AuthenticationResourceFilters.java" line-rate="1.0" branch-rate="1.0" complexity="1.6666666666666667">
					<methods>
						<method name="&lt;init&gt;" signature="()V" line-rate="1.0" branch-rate="1.0">
							<lines>
								<line number="33" hits="4" branch="false"/>
							</lines>
						</method>
						<method name="create" signature="(Lcom/sun/jersey/api/model/AbstractMethod;)Ljava/util/List;" line-rate="1.0" branch-rate="1.0">
							<lines>
								<line number="48" hits="2" branch="true" condition-coverage="100% (2/2)">
									<conditions>
										<condition number="0" type="jump" coverage="100%"/>
									</conditions>
								</line>
								<line number="49" hits="1" branch="false"/>
								<line number="52" hits="1" branch="false"/>
							</lines>
						</method>
						<method name="setHeaders" signature="(Ljavax/ws/rs/core/HttpHeaders;)V" line-rate="1.0" branch-rate="1.0">
							<lines>
								<line number="73" hits="2" branch="false"/>
								<line number="74" hits="1" branch="false"/>
								<line number="75" hits="1" branch="false"/>
							</lines>
						</method>
						<method name="setServlet" signature="(Ljavax/servlet/ServletContext;)V" line-rate="1.0" branch-rate="1.0">
							<lines>
								<line number="62" hits="2" branch="false"/>
								<line number="63" hits="1" branch="false"/>
								<line number="64" hits="1" branch="false"/>
							</lines>
						</method>
					</methods>
					<lines>
						<line number="33" hits="4" branch="false"/>
						<line number="48" hits="2" branch="true" condition-coverage="100% (2/2)">
							<conditions>
								<condition number="0" type="jump" coverage="100%"/>
							</conditions>
						</line>
						<line number="49" hits="1" branch="false"/>
						<line number="52" hits="1" branch="false"/>
						<line number="62" hits="2" branch="false"/>
						<line number="63" hits="1" branch="false"/>
						<line number="64" hits="1" branch="false"/>
						<line number="73" hits="2" branch="false"/>
						<line number="74" hits="1" branch="false"/>
						<line number="75" hits="1" branch="false"/>
					</lines>
				</class>
				<class name="org.lafayette.server.filter.SecuirityContextFilter" filename="org/lafayette/server/filter/SecuirityContextFilter.java" line-rate="1.0" branch-rate="1.0" complexity="0.0">
					<methods>
					</methods>
					<lines>
					</lines>
				</class>
				<class name="org.lafayette.server.filter.SecurityContextFilterAnonymous" filename="org/lafayette/server/filter/SecurityContextFilterAnonymous.java" line-rate="1.0" branch-rate="1.0" complexity="1.0">
					<methods>
						<method name="&lt;init&gt;" signature="()V" line-rate="1.0" branch-rate="1.0">
							<lines>
								<line number="29" hits="5" branch="false"/>
							</lines>
						</method>
						<method name="filter" signature="(Lcom/sun/jersey/spi/container/ContainerRequest;)Lcom/sun/jersey/spi/container/ContainerRequest;" line-rate="1.0" branch-rate="1.0">
							<lines>
								<line number="43" hits="1" branch="false"/>
								<line number="44" hits="1" branch="false"/>
							</lines>
						</method>
						<method name="filter" signature="(Lcom/sun/jersey/spi/container/ContainerRequest;Lcom/sun/jersey/spi/container/ContainerResponse;)Lcom/sun/jersey/spi/container/ContainerResponse;" line-rate="1.0" branch-rate="1.0">
							<lines>
								<line number="49" hits="1" branch="false"/>
							</lines>
						</method>
						<method name="getRequestFilter" signature="()Lcom/sun/jersey/spi/container/ContainerRequestFilter;" line-rate="1.0" branch-rate="1.0">
							<lines>
								<line number="33" hits="1" branch="false"/>
							</lines>
						</method>
						<method name="getResponseFilter" signature="()Lcom/sun/jersey/spi/container/ContainerResponseFilter;" line-rate="1.0" branch-rate="1.0">
							<lines>
								<line number="38" hits="1" branch="false"/>
							</lines>
						</method>
					</methods>
					<lines>
						<line number="29" hits="5" branch="false"/>
						<line number="33" hits="1" branch="false"/>
						<line number="38" hits="1" branch="false"/>
						<line number="43" hits="1" branch="false"/>
						<line number="44" hits="1" branch="false"/>
						<line number="49" hits="1" branch="false"/>
					</lines>
				</class>
				<class name="org.lafayette.server.filter.SecurityContextFilterDigest" filename="org/lafayette/server/filter/SecurityContextFilterDigest.java" line-rate="0.9259259259259259" branch-rate="0.875" complexity="2.5">
					<methods>
						<method name="&lt;init&gt;" signature="(Ljavax/servlet/ServletContext;Ljavax/ws/rs/core/HttpHeaders;)V" line-rate="1.0" branch-rate="1.0">
							<lines>
								<line number="57" hits="12" branch="false"/>
								<line number="74" hits="12" branch="false"/>
								<line number="75" hits="12" branch="false"/>
								<line number="76" hits="12" branch="false"/>
								<line number="77" hits="12" branch="false"/>
								<line number="78" hits="12" branch="false"/>
								<line number="79" hits="12" branch="false"/>
							</lines>
						</method>
						<method name="createAndSetPrincipal" signature="(Lcom/sun/jersey/spi/container/ContainerRequest;Lorg/lafayette/server/http/digest/RequestParameters;)V" line-rate="0.8" branch-rate="0.5">
							<lines>
								<line number="185" hits="1" branch="false"/>
								<line number="186" hits="1" branch="false"/>
								<line number="187" hits="1" branch="false"/>
								<line number="189" hits="1" branch="true" condition-coverage="50% (1/2)">
									<conditions>
										<condition number="0" type="jump" coverage="50%"/>
									</conditions>
								</line>
								<line number="190" hits="0" branch="false"/>
								<line number="191" hits="0" branch="false"/>
								<line number="194" hits="1" branch="false"/>
								<line number="197" hits="1" branch="false"/>
								<line number="198" hits="1" branch="false"/>
								<line number="199" hits="1" branch="false"/>
							</lines>
						</method>
						<method name="filter" signature="(Lcom/sun/jersey/spi/container/ContainerRequest;)Lcom/sun/jersey/spi/container/ContainerRequest;" line-rate="1.0" branch-rate="1.0">
							<lines>
								<line number="102" hits="3" branch="false"/>
								<line number="103" hits="3" branch="false"/>
								<line number="105" hits="3" branch="true" condition-coverage="100% (2/2)">
									<conditions>
										<condition number="0" type="jump" coverage="100%"/>
									</conditions>
								</line>
								<line number="106" hits="1" branch="false"/>
								<line number="107" hits="1" branch="false"/>
								<line number="108" hits="1" branch="false"/>
								<line number="109" hits="1" branch="false"/>
								<line number="110" hits="1" branch="false"/>
								<line number="112" hits="2" branch="false"/>
								<line number="113" hits="2" branch="false"/>
								<line number="115" hits="2" branch="true" condition-coverage="100% (2/2)">
									<conditions>
										<condition number="0" type="jump" coverage="100%"/>
									</conditions>
								</line>
								<line number="116" hits="1" branch="false"/>
								<line number="117" hits="1" branch="false"/>
								<line number="119" hits="1" branch="false"/>
								<line number="120" hits="1" branch="false"/>
							</lines>
						</method>
						<method name="filter" signature="(Lcom/sun/jersey/spi/container/ContainerRequest;Lcom/sun/jersey/spi/container/ContainerResponse;)Lcom/sun/jersey/spi/container/ContainerResponse;" line-rate="1.0" branch-rate="1.0">
							<lines>
								<line number="127" hits="1" branch="false"/>
							</lines>
						</method>
						<method name="findPrincipal" signature="(Lorg/lafayette/server/http/digest/RequestParameters;)Lorg/lafayette/server/domain/User;" line-rate="1.0" branch-rate="1.0">
							<lines>
								<line number="208" hits="2" branch="false"/>
								<line number="209" hits="2" branch="false"/>
							</lines>
						</method>
						<method name="getAuthorizationHeader" signature="()Ljava/lang/String;" line-rate="1.0" branch-rate="1.0">
							<lines>
								<line number="136" hits="7" branch="false"/>
								<line number="138" hits="7" branch="true" condition-coverage="100% (4/4)">
									<conditions>
										<condition number="0" type="jump" coverage="100%"/>
										<condition number="1" type="jump" coverage="100%"/>
									</conditions>
								</line>
								<line number="139" hits="3" branch="false"/>
								<line number="140" hits="3" branch="false"/>
								<line number="143" hits="4" branch="true" condition-coverage="100% (2/2)">
									<conditions>
										<condition number="0" type="jump" coverage="100%"/>
									</conditions>
								</line>
								<line number="144" hits="1" branch="false"/>
								<line number="147" hits="4" branch="false"/>
							</lines>
						</method>
						<method name="getRequestFilter" signature="()Lcom/sun/jersey/spi/container/ContainerRequestFilter;" line-rate="1.0" branch-rate="1.0">
							<lines>
								<line number="92" hits="1" branch="false"/>
							</lines>
						</method>
						<method name="getResponseFilter" signature="()Lcom/sun/jersey/spi/container/ContainerResponseFilter;" line-rate="1.0" branch-rate="1.0">
							<lines>
								<line number="97" hits="1" branch="false"/>
							</lines>
						</method>
						<method name="registry" signature="()Lorg/lafayette/server/Registry;" line-rate="1.0" branch-rate="1.0">
							<lines>
								<line number="87" hits="6" branch="false"/>
							</lines>
						</method>
						<method name="verifyAuthentiaction" signature="(Lorg/lafayette/server/http/digest/RequestParameters;)Z" line-rate="0.7777777777777778" branch-rate="0.75">
							<lines>
								<line number="157" hits="2" branch="false"/>
								<line number="159" hits="2" branch="true" condition-coverage="100% (2/2)">
									<conditions>
										<condition number="0" type="jump" coverage="100%"/>
									</conditions>
								</line>
								<line number="160" hits="1" branch="false"/>
								<line number="163" hits="1" branch="false"/>
								<line number="165" hits="1" branch="true" condition-coverage="50% (1/2)">
									<conditions>
										<condition number="0" type="jump" coverage="50%"/>
									</conditions>
								</line>
								<line number="166" hits="0" branch="false"/>
								<line number="167" hits="0" branch="false"/>
								<line number="171" hits="1" branch="false"/>
								<line number="174" hits="1" branch="false"/>
							</lines>
						</method>
					</methods>
					<lines>
						<line number="57" hits="12" branch="false"/>
						<line number="74" hits="12" branch="false"/>
						<line number="75" hits="12" branch="false"/>
						<line number="76" hits="12" branch="false"/>
						<line number="77" hits="12" branch="false"/>
						<line number="78" hits="12" branch="false"/>
						<line number="79" hits="12" branch="false"/>
						<line number="87" hits="6" branch="false"/>
						<line number="92" hits="1" branch="false"/>
						<line number="97" hits="1" branch="false"/>
						<line number="102" hits="3" branch="false"/>
						<line number="103" hits="3" branch="false"/>
						<line number="105" hits="3" branch="true" condition-coverage="100% (2/2)">
							<conditions>
								<condition number="0" type="jump" coverage="100%"/>
							</conditions>
						</line>
						<line number="106" hits="1" branch="false"/>
						<line number="107" hits="1" branch="false"/>
						<line number="108" hits="1" branch="false"/>
						<line number="109" hits="1" branch="false"/>
						<line number="110" hits="1" branch="false"/>
						<line number="112" hits="2" branch="false"/>
						<line number="113" hits="2" branch="false"/>
						<line number="115" hits="2" branch="true" condition-coverage="100% (2/2)">
							<conditions>
								<condition number="0" type="jump" coverage="100%"/>
							</conditions>
						</line>
						<line number="116" hits="1" branch="false"/>
						<line number="117" hits="1" branch="false"/>
						<line number="119" hits="1" branch="false"/>
						<line number="120" hits="1" branch="false"/>
						<line number="127" hits="1" branch="false"/>
						<line number="136" hits="7" branch="false"/>
						<line number="138" hits="7" branch="true" condition-coverage="100% (4/4)">
							<conditions>
								<condition number="0" type="jump" coverage="100%"/>
								<condition number="1" type="jump" coverage="100%"/>
							</conditions>
						</line>
						<line number="139" hits="3" branch="false"/>
						<line number="140" hits="3" branch="false"/>
						<line number="143" hits="4" branch="true" condition-coverage="100% (2/2)">
							<conditions>
								<condition number="0" type="jump" coverage="100%"/>
							</conditions>
						</line>
						<line number="144" hits="1" branch="false"/>
						<line number="147" hits="4" branch="false"/>
						<line number="157" hits="2" branch="false"/>
						<line number="159" hits="2" branch="true" condition-coverage="100% (2/2)">
							<conditions>
								<condition number="0" type="jump" coverage="100%"/>
							</conditions>
						</line>
						<line number="160" hits="1" branch="false"/>
						<line number="163" hits="1" branch="false"/>
						<line number="165" hits="1" branch="true" condition-coverage="50% (1/2)">
							<conditions>
								<condition number="0" type="jump" coverage="50%"/>
							</conditions>
						</line>
						<line number="166" hits="0" branch="false"/>
						<line number="167" hits="0" branch="false"/>
						<line number="171" hits="1" branch="false"/>
						<line number="174" hits="1" branch="false"/>
						<line number="185" hits="1" branch="false"/>
						<line number="186" hits="1" branch="false"/>
						<line number="187" hits="1" branch="false"/>
						<line number="189" hits="1" branch="true" condition-coverage="50% (1/2)">
							<conditions>
								<condition number="0" type="jump" coverage="50%"/>
							</conditions>
						</line>
						<line number="190" hits="0" branch="false"/>
						<line number="191" hits="0" branch="false"/>
						<line number="194" hits="1" branch="false"/>
						<line number="197" hits="1" branch="false"/>
						<line number="198" hits="1" branch="false"/>
						<line number="199" hits="1" branch="false"/>
						<line number="208" hits="2" branch="false"/>
						<line number="209" hits="2" branch="false"/>
					</lines>
				</class>
				<class name="org.lafayette.server.filter.SecurityContextImpl" filename="org/lafayette/server/filter/SecurityContextImpl.java" line-rate="1.0" branch-rate="1.0" complexity="1.0">
					<methods>
						<method name="&lt;init&gt;" signature="(Lorg/lafayette/server/domain/User;)V" line-rate="1.0" branch-rate="1.0">
							<lines>
								<line number="41" hits="7" branch="false"/>
								<line number="42" hits="7" branch="false"/>
							</lines>
						</method>
						<method name="&lt;init&gt;" signature="(Lorg/lafayette/server/domain/User;Z)V" line-rate="1.0" branch-rate="1.0">
							<lines>
								<line number="51" hits="10" branch="false"/>
								<line number="52" hits="10" branch="false"/>
								<line number="53" hits="10" branch="false"/>
								<line number="54" hits="10" branch="false"/>
							</lines>
						</method>
						<method name="getAuthenticationScheme" signature="()Ljava/lang/String;" line-rate="1.0" branch-rate="1.0">
							<lines>
								<line number="73" hits="3" branch="false"/>
							</lines>
						</method>
						<method name="getUserPrincipal" signature="()Ljava/security/Principal;" line-rate="1.0" branch-rate="1.0">
							<lines>
								<line number="58" hits="3" branch="false"/>
							</lines>
						</method>
						<method name="isSecure" signature="()Z" line-rate="1.0" branch-rate="1.0">
							<lines>
								<line number="68" hits="5" branch="false"/>
							</lines>
						</method>
						<method name="isUserInRole" signature="(Ljava/lang/String;)Z" line-rate="1.0" branch-rate="1.0">
							<lines>
								<line number="63" hits="12" branch="false"/>
							</lines>
						</method>
					</methods>
					<lines>
						<line number="41" hits="7" branch="false"/>
						<line number="42" hits="7" branch="false"/>
						<line number="51" hits="10" branch="false"/>
						<line number="52" hits="10" branch="false"/>
						<line number="53" hits="10" branch="false"/>
						<line number="54" hits="10" branch="false"/>
						<line number="58" hits="3" branch="false"/>
						<line number="63" hits="12" branch="false"/>
						<line number="68" hits="5" branch="false"/>
						<line number="73" hits="3" branch="false"/>
					</lines>
				</class>
			</classes>
		</package>
		<package name="org.lafayette.server.http" line-rate="0.9545454545454546" branch-rate="1.0" complexity="1.2222222222222223">
			<classes>
				<class name="org.lafayette.server.http.Constants" filename="org/lafayette/server/http/Constants.java" line-rate="1.0" branch-rate="1.0" complexity="0.0">
					<methods>
					</methods>
					<lines>
					</lines>
				</class>
				<class name="org.lafayette.server.http.ForbiddenException" filename="org/lafayette/server/http/ForbiddenException.java" line-rate="1.0" branch-rate="1.0" complexity="1.0">
					<methods>
						<method name="&lt;init&gt;" signature="()V" line-rate="1.0" branch-rate="1.0">
							<lines>
								<line number="29" hits="1" branch="false"/>
								<line number="30" hits="1" branch="false"/>
							</lines>
						</method>
						<method name="&lt;init&gt;" signature="(Ljava/lang/String;)V" line-rate="1.0" branch-rate="1.0">
							<lines>
								<line number="38" hits="1" branch="false"/>
								<line number="39" hits="1" branch="false"/>
							</lines>
						</method>
					</methods>
					<lines>
						<line number="29" hits="1" branch="false"/>
						<line number="30" hits="1" branch="false"/>
						<line number="38" hits="1" branch="false"/>
						<line number="39" hits="1" branch="false"/>
					</lines>
				</class>
				<class name="org.lafayette.server.http.MediaType" filename="org/lafayette/server/http/MediaType.java" line-rate="0.0" branch-rate="1.0" complexity="0.0">
					<methods>
						<method name="&lt;init&gt;" signature="()V" line-rate="0.0" branch-rate="1.0">
							<lines>
								<line number="19" hits="0" branch="false"/>
							</lines>
						</method>
					</methods>
					<lines>
						<line number="19" hits="0" branch="false"/>
					</lines>
				</class>
				<class name="org.lafayette.server.http.Typeable" filename="org/lafayette/server/http/Typeable.java" line-rate="1.0" branch-rate="1.0" complexity="1.0">
					<methods>
					</methods>
					<lines>
					</lines>
				</class>
				<class name="org.lafayette.server.http.UnauthorizedException" filename="org/lafayette/server/http/UnauthorizedException.java" line-rate="1.0" branch-rate="1.0" complexity="1.0">
					<methods>
						<method name="&lt;init&gt;" signature="(Lorg/lafayette/server/http/digest/ResponseParameters;)V" line-rate="1.0" branch-rate="1.0">
							<lines>
								<line number="41" hits="1" branch="false"/>
								<line number="42" hits="1" branch="false"/>
							</lines>
						</method>
						<method name="&lt;init&gt;" signature="(Lorg/lafayette/server/http/digest/ResponseParameters;Ljava/lang/String;)V" line-rate="1.0" branch-rate="1.0">
							<lines>
								<line number="51" hits="1" branch="false"/>
								<line number="54" hits="1" branch="false"/>
							</lines>
						</method>
						<method name="createDigestHeaderValue" signature="(Lorg/lafayette/server/http/digest/ResponseParameters;)Ljava/lang/String;" line-rate="1.0" branch-rate="1.0">
							<lines>
								<line number="63" hits="1" branch="false"/>
							</lines>
						</method>
					</methods>
					<lines>
						<line number="41" hits="1" branch="false"/>
						<line number="42" hits="1" branch="false"/>
						<line number="51" hits="1" branch="false"/>
						<line number="54" hits="1" branch="false"/>
						<line number="63" hits="1" branch="false"/>
					</lines>
				</class>
				<class name="org.lafayette.server.http.UriList" filename="org/lafayette/server/http/UriList.java" line-rate="1.0" branch-rate="1.0" complexity="1.6666666666666667">
					<methods>
						<method name="&lt;init&gt;" signature="()V" line-rate="1.0" branch-rate="1.0">
							<lines>
								<line number="23" hits="3" branch="false"/>
								<line number="28" hits="3" branch="false"/>
							</lines>
						</method>
						<method name="getMediaType" signature="()Ljava/lang/String;" line-rate="1.0" branch-rate="1.0">
							<lines>
								<line number="44" hits="1" branch="false"/>
							</lines>
						</method>
						<method name="setComment" signature="(Ljava/lang/String;)V" line-rate="1.0" branch-rate="1.0">
							<lines>
								<line number="38" hits="1" branch="false"/>
								<line number="39" hits="1" branch="false"/>
								<line number="40" hits="1" branch="false"/>
							</lines>
						</method>
						<method name="toString" signature="()Ljava/lang/String;" line-rate="1.0" branch-rate="1.0">
							<lines>
								<line number="49" hits="2" branch="false"/>
								<line number="51" hits="2" branch="true" condition-coverage="100% (2/2)">
									<conditions>
										<condition number="0" type="jump" coverage="100%"/>
									</conditions>
								</line>
								<line number="52" hits="1" branch="false"/>
								<line number="55" hits="2" branch="true" condition-coverage="100% (2/2)">
									<conditions>
										<condition number="0" type="jump" coverage="100%"/>
									</conditions>
								</line>
								<line number="56" hits="4" branch="false"/>
								<line number="59" hits="2" branch="false"/>
							</lines>
						</method>
					</methods>
					<lines>
						<line number="23" hits="3" branch="false"/>
						<line number="28" hits="3" branch="false"/>
						<line number="38" hits="1" branch="false"/>
						<line number="39" hits="1" branch="false"/>
						<line number="40" hits="1" branch="false"/>
						<line number="44" hits="1" branch="false"/>
						<line number="49" hits="2" branch="false"/>
						<line number="51" hits="2" branch="true" condition-coverage="100% (2/2)">
							<conditions>
								<condition number="0" type="jump" coverage="100%"/>
							</conditions>
						</line>
						<line number="52" hits="1" branch="false"/>
						<line number="55" hits="2" branch="true" condition-coverage="100% (2/2)">
							<conditions>
								<condition number="0" type="jump" coverage="100%"/>
							</conditions>
						</line>
						<line number="56" hits="4" branch="false"/>
						<line number="59" hits="2" branch="false"/>
					</lines>
				</class>
			</classes>
		</package>
		<package name="org.lafayette.server.http.digest" line-rate="0.8211382113821138" branch-rate="0.6304347826086957" complexity="1.6666666666666667">
			<classes>
				<class name="org.lafayette.server.http.digest.AuthorizationHeaderParser" filename="org/lafayette/server/http/digest/AuthorizationHeaderParser.java" line-rate="0.9473684210526315" branch-rate="0.9444444444444444" complexity="3.75">
					<methods>
						<method name="&lt;clinit&gt;" signature="()V" line-rate="1.0" branch-rate="1.0">
							<lines>
								<line number="38" hits="1" branch="false"/>
								<line number="42" hits="1" branch="false"/>
							</lines>
						</method>
						<method name="&lt;init&gt;" signature="()V" line-rate="0.0" branch-rate="1.0">
							<lines>
								<line number="48" hits="0" branch="false"/>
								<line number="49" hits="0" branch="false"/>
							</lines>
						</method>
						<method name="isDigestHeader" signature="(Ljava/lang/String;I)Z" line-rate="1.0" branch-rate="1.0">
							<lines>
								<line number="84" hits="5" branch="false"/>
							</lines>
						</method>
						<method name="parseDigestHeaderValue" signature="(Ljava/lang/String;)Lorg/lafayette/server/http/digest/RequestParameters;" line-rate="1.0" branch-rate="1.0">
							<lines>
								<line number="58" hits="7" branch="false"/>
								<line number="59" hits="6" branch="false"/>
								<line number="61" hits="6" branch="true" condition-coverage="100% (2/2)">
									<conditions>
										<condition number="0" type="jump" coverage="100%"/>
									</conditions>
								</line>
								<line number="62" hits="1" branch="false"/>
								<line number="63" hits="1" branch="false"/>
								<line number="66" hits="5" branch="false"/>
								<line number="68" hits="5" branch="true" condition-coverage="100% (2/2)">
									<conditions>
										<condition number="0" type="jump" coverage="100%"/>
									</conditions>
								</line>
								<line number="69" hits="2" branch="false"/>
								<line number="70" hits="2" branch="false"/>
								<line number="73" hits="3" branch="false"/>
							</lines>
						</method>
						<method name="parseParameters" signature="(Ljava/lang/String;)Lorg/lafayette/server/http/digest/RequestParameters;" line-rate="1.0" branch-rate="0.9285714285714286">
							<lines>
								<line number="94" hits="3" branch="false"/>
								<line number="95" hits="3" branch="false"/>
								<line number="96" hits="3" branch="false"/>
								<line number="97" hits="3" branch="false"/>
								<line number="98" hits="3" branch="false"/>
								<line number="99" hits="3" branch="false"/>
								<line number="101" hits="19" branch="true" condition-coverage="100% (2/2)">
									<conditions>
										<condition number="0" type="jump" coverage="100%"/>
									</conditions>
								</line>
								<line number="102" hits="16" branch="false"/>
								<line number="103" hits="16" branch="false"/>
								<line number="104" hits="16" branch="false"/>
								<line number="106" hits="16" branch="true" condition-coverage="100% (2/2)">
									<conditions>
										<condition number="0" type="jump" coverage="100%"/>
									</conditions>
								</line>
								<line number="107" hits="3" branch="false"/>
								<line number="108" hits="13" branch="true" condition-coverage="100% (2/2)">
									<conditions>
										<condition number="0" type="jump" coverage="100%"/>
									</conditions>
								</line>
								<line number="109" hits="2" branch="false"/>
								<line number="110" hits="11" branch="true" condition-coverage="100% (2/2)">
									<conditions>
										<condition number="0" type="jump" coverage="100%"/>
									</conditions>
								</line>
								<line number="111" hits="3" branch="false"/>
								<line number="112" hits="8" branch="true" condition-coverage="100% (2/2)">
									<conditions>
										<condition number="0" type="jump" coverage="100%"/>
									</conditions>
								</line>
								<line number="113" hits="2" branch="false"/>
								<line number="114" hits="6" branch="true" condition-coverage="100% (2/2)">
									<conditions>
										<condition number="0" type="jump" coverage="100%"/>
									</conditions>
								</line>
								<line number="115" hits="3" branch="false"/>
								<line number="116" hits="3" branch="true" condition-coverage="50% (1/2)">
									<conditions>
										<condition number="0" type="jump" coverage="50%"/>
									</conditions>
								</line>
								<line number="117" hits="3" branch="false"/>
								<line number="121" hits="3" branch="false"/>
							</lines>
						</method>
					</methods>
					<lines>
						<line number="38" hits="1" branch="false"/>
						<line number="42" hits="1" branch="false"/>
						<line number="48" hits="0" branch="false"/>
						<line number="49" hits="0" branch="false"/>
						<line number="58" hits="7" branch="false"/>
						<line number="59" hits="6" branch="false"/>
						<line number="61" hits="6" branch="true" condition-coverage="100% (2/2)">
							<conditions>
								<condition number="0" type="jump" coverage="100%"/>
							</conditions>
						</line>
						<line number="62" hits="1" branch="false"/>
						<line number="63" hits="1" branch="false"/>
						<line number="66" hits="5" branch="false"/>
						<line number="68" hits="5" branch="true" condition-coverage="100% (2/2)">
							<conditions>
								<condition number="0" type="jump" coverage="100%"/>
							</conditions>
						</line>
						<line number="69" hits="2" branch="false"/>
						<line number="70" hits="2" branch="false"/>
						<line number="73" hits="3" branch="false"/>
						<line number="84" hits="5" branch="false"/>
						<line number="94" hits="3" branch="false"/>
						<line number="95" hits="3" branch="false"/>
						<line number="96" hits="3" branch="false"/>
						<line number="97" hits="3" branch="false"/>
						<line number="98" hits="3" branch="false"/>
						<line number="99" hits="3" branch="false"/>
						<line number="101" hits="19" branch="true" condition-coverage="100% (2/2)">
							<conditions>
								<condition number="0" type="jump" coverage="100%"/>
							</conditions>
						</line>
						<line number="102" hits="16" branch="false"/>
						<line number="103" hits="16" branch="false"/>
						<line number="104" hits="16" branch="false"/>
						<line number="106" hits="16" branch="true" condition-coverage="100% (2/2)">
							<conditions>
								<condition number="0" type="jump" coverage="100%"/>
							</conditions>
						</line>
						<line number="107" hits="3" branch="false"/>
						<line number="108" hits="13" branch="true" condition-coverage="100% (2/2)">
							<conditions>
								<condition number="0" type="jump" coverage="100%"/>
							</conditions>
						</line>
						<line number="109" hits="2" branch="false"/>
						<line number="110" hits="11" branch="true" condition-coverage="100% (2/2)">
							<conditions>
								<condition number="0" type="jump" coverage="100%"/>
							</conditions>
						</line>
						<line number="111" hits="3" branch="false"/>
						<line number="112" hits="8" branch="true" condition-coverage="100% (2/2)">
							<conditions>
								<condition number="0" type="jump" coverage="100%"/>
							</conditions>
						</line>
						<line number="113" hits="2" branch="false"/>
						<line number="114" hits="6" branch="true" condition-coverage="100% (2/2)">
							<conditions>
								<condition number="0" type="jump" coverage="100%"/>
							</conditions>
						</line>
						<line number="115" hits="3" branch="false"/>
						<line number="116" hits="3" branch="true" condition-coverage="50% (1/2)">
							<conditions>
								<condition number="0" type="jump" coverage="50%"/>
							</conditions>
						</line>
						<line number="117" hits="3" branch="false"/>
						<line number="121" hits="3" branch="false"/>
					</lines>
				</class>
				<class name="org.lafayette.server.http.digest.BaseParameters" filename="org/lafayette/server/http/digest/BaseParameters.java" line-rate="0.8571428571428571" branch-rate="0.0" complexity="1.4">
					<methods>
						<method name="&lt;init&gt;" signature="()V" line-rate="1.0" branch-rate="1.0">
							<lines>
								<line number="51" hits="6" branch="false"/>
								<line number="52" hits="6" branch="false"/>
							</lines>
						</method>
						<method name="&lt;init&gt;" signature="(Ljava/lang/String;Ljava/lang/String;Ljava/lang/String;Ljava/lang/String;Ljava/lang/String;)V" line-rate="1.0" branch-rate="1.0">
							<lines>
								<line number="65" hits="28" branch="false"/>
								<line number="66" hits="28" branch="false"/>
								<line number="67" hits="28" branch="false"/>
								<line number="68" hits="28" branch="false"/>
								<line number="69" hits="28" branch="false"/>
								<line number="70" hits="28" branch="false"/>
								<line number="71" hits="28" branch="false"/>
							</lines>
						</method>
						<method name="equals" signature="(Ljava/lang/Object;)Z" line-rate="0.0" branch-rate="0.0">
							<lines>
								<line number="175" hits="0" branch="true" condition-coverage="0% (0/2)">
									<conditions>
										<condition number="0" type="jump" coverage="0%"/>
									</conditions>
								</line>
								<line number="176" hits="0" branch="false"/>
								<line number="179" hits="0" branch="false"/>
								<line number="180" hits="0" branch="true" condition-coverage="0% (0/10)">
									<conditions>
										<condition number="0" type="jump" coverage="0%"/>
										<condition number="1" type="jump" coverage="0%"/>
										<condition number="2" type="jump" coverage="0%"/>
										<condition number="3" type="jump" coverage="0%"/>
										<condition number="4" type="jump" coverage="0%"/>
									</conditions>
								</line>
							</lines>
						</method>
						<method name="getHttpMethod" signature="()Ljava/lang/String;" line-rate="1.0" branch-rate="1.0">
							<lines>
								<line number="136" hits="12" branch="false"/>
							</lines>
						</method>
						<method name="getNonce" signature="()Ljava/lang/String;" line-rate="1.0" branch-rate="1.0">
							<lines>
								<line number="117" hits="16" branch="false"/>
							</lines>
						</method>
						<method name="getRealm" signature="()Ljava/lang/String;" line-rate="1.0" branch-rate="1.0">
							<lines>
								<line number="98" hits="16" branch="false"/>
							</lines>
						</method>
						<method name="getRequestedUri" signature="()Ljava/lang/String;" line-rate="1.0" branch-rate="1.0">
							<lines>
								<line number="155" hits="13" branch="false"/>
							</lines>
						</method>
						<method name="getUsername" signature="()Ljava/lang/String;" line-rate="1.0" branch-rate="1.0">
							<lines>
								<line number="79" hits="20" branch="false"/>
							</lines>
						</method>
						<method name="hashCode" signature="()I" line-rate="0.0" branch-rate="1.0">
							<lines>
								<line number="170" hits="0" branch="false"/>
							</lines>
						</method>
						<method name="setHttpMethod" signature="(Ljava/lang/String;)V" line-rate="1.0" branch-rate="1.0">
							<lines>
								<line number="145" hits="30" branch="false"/>
								<line number="146" hits="29" branch="false"/>
								<line number="147" hits="29" branch="false"/>
							</lines>
						</method>
						<method name="setNonce" signature="(Ljava/lang/String;)V" line-rate="1.0" branch-rate="1.0">
							<lines>
[...]
			<classes>
				<class name="org.lafayette.server.resources.BaseResource" filename="org/lafayette/server/resources/BaseResource.java" line-rate="0.0" branch-rate="0.0" complexity="1.4444444444444444">
					<methods>
						<method name="&lt;init&gt;" signature="()V" line-rate="0.0" branch-rate="1.0">
							<lines>
								<line number="51" hits="0" branch="false"/>
								<line number="59" hits="0" branch="false"/>
								<line number="87" hits="0" branch="false"/>
								<line number="88" hits="0" branch="false"/>
								<line number="89" hits="0" branch="false"/>
								<line number="90" hits="0" branch="false"/>
							</lines>
						</method>
						<method name="createClientErrorResponse" signature="(Ljava/lang/String;)Ljavax/ws/rs/core/Response;" line-rate="0.0" branch-rate="1.0">
							<lines>
								<line number="195" hits="0" branch="false"/>
							</lines>
						</method>
						<method name="createServerErrorResponse" signature="(Ljava/lang/String;)Ljavax/ws/rs/core/Response;" line-rate="0.0" branch-rate="1.0">
							<lines>
								<line number="183" hits="0" branch="false"/>
							</lines>
						</method>
						<method name="finders" signature="()Lorg/lafayette/server/domain/Finders;" line-rate="0.0" branch-rate="0.0">
							<lines>
								<line number="169" hits="0" branch="true" condition-coverage="0% (0/2)">
									<conditions>
										<condition number="0" type="jump" coverage="0%"/>
									</conditions>
								</line>
								<line number="170" hits="0" branch="false"/>
								<line number="173" hits="0" branch="false"/>
							</lines>
						</method>
						<method name="formatMessagePack" signature="(Lorg/lafayette/server/domain/DomainObject;)[B" line-rate="0.0" branch-rate="1.0">
							<lines>
								<line number="248" hits="0" branch="false"/>
								<line number="250" hits="0" branch="false"/>
								<line number="251" hits="0" branch="false"/>
								<line number="252" hits="0" branch="false"/>
								<line number="253" hits="0" branch="false"/>
							</lines>
						</method>
						<method name="headers" signature="()Ljavax/ws/rs/core/HttpHeaders;" line-rate="0.0" branch-rate="1.0">
							<lines>
								<line number="142" hits="0" branch="false"/>
							</lines>
						</method>
						<method name="indexAsUriList" signature="()Ljava/lang/String;" line-rate="0.0" branch-rate="1.0">
							<lines>
								<line number="265" hits="0" branch="false"/>
								<line number="266" hits="0" branch="false"/>
							</lines>
						</method>
						<method name="init" signature="()V" line-rate="0.0" branch-rate="1.0">
							<lines>
								<line number="104" hits="0" branch="false"/>
								<line number="105" hits="0" branch="false"/>
								<line number="106" hits="0" branch="false"/>
								<line number="107" hits="0" branch="false"/>
								<line number="108" hits="0" branch="false"/>
							</lines>
						</method>
						<method name="onLoaded" signature="(Lcom/sun/jersey/api/model/AbstractResourceModelContext;)V" line-rate="0.0" branch-rate="1.0">
							<lines>
								<line number="94" hits="0" branch="false"/>
								<line number="95" hits="0" branch="false"/>
							</lines>
						</method>
						<method name="raiseClientError" signature="(Ljava/lang/String;)V" line-rate="0.0" branch-rate="1.0">
							<lines>
								<line number="215" hits="0" branch="false"/>
							</lines>
						</method>
						<method name="raiseIdNotFoundError" signature="(Ljava/lang/String;Ljava/lang/String;)V" line-rate="0.0" branch-rate="1.0">
							<lines>
								<line number="226" hits="0" branch="false"/>
								<line number="227" hits="0" branch="false"/>
							</lines>
						</method>
						<method name="raiseMissingPropertyError" signature="(Ljava/lang/String;)V" line-rate="0.0" branch-rate="1.0">
							<lines>
								<line number="237" hits="0" branch="false"/>
								<line number="238" hits="0" branch="false"/>
							</lines>
						</method>
						<method name="raiseServerError" signature="(Ljava/lang/String;)V" line-rate="0.0" branch-rate="1.0">
							<lines>
								<line number="206" hits="0" branch="false"/>
							</lines>
						</method>
						<method name="registry" signature="()Lorg/lafayette/server/Registry;" line-rate="0.0" branch-rate="1.0">
							<lines>
								<line number="124" hits="0" branch="false"/>
							</lines>
						</method>
						<method name="security" signature="()Ljavax/ws/rs/core/SecurityContext;" line-rate="0.0" branch-rate="1.0">
							<lines>
								<line number="160" hits="0" branch="false"/>
							</lines>
						</method>
						<method name="servlet" signature="()Ljavax/servlet/ServletContext;" line-rate="0.0" branch-rate="1.0">
							<lines>
								<line number="133" hits="0" branch="false"/>
							</lines>
						</method>
						<method name="uriInfo" signature="()Ljavax/ws/rs/core/UriInfo;" line-rate="0.0" branch-rate="1.0">
							<lines>
								<line number="151" hits="0" branch="false"/>
							</lines>
						</method>
					</methods>
					<lines>
						<line number="51" hits="0" branch="false"/>
						<line number="59" hits="0" branch="false"/>
						<line number="87" hits="0" branch="false"/>
						<line number="88" hits="0" branch="false"/>
						<line number="89" hits="0" branch="false"/>
						<line number="90" hits="0" branch="false"/>
						<line number="94" hits="0" branch="false"/>
						<line number="95" hits="0" branch="false"/>
						<line number="104" hits="0" branch="false"/>
						<line number="105" hits="0" branch="false"/>
						<line number="106" hits="0" branch="false"/>
						<line number="107" hits="0" branch="false"/>
						<line number="108" hits="0" branch="false"/>
						<line number="124" hits="0" branch="false"/>
						<line number="133" hits="0" branch="false"/>
						<line number="142" hits="0" branch="false"/>
						<line number="151" hits="0" branch="false"/>
						<line number="160" hits="0" branch="false"/>
						<line number="169" hits="0" branch="true" condition-coverage="0% (0/2)">
							<conditions>
								<condition number="0" type="jump" coverage="0%"/>
							</conditions>
						</line>
						<line number="170" hits="0" branch="false"/>
						<line number="173" hits="0" branch="false"/>
						<line number="183" hits="0" branch="false"/>
						<line number="195" hits="0" branch="false"/>
						<line number="206" hits="0" branch="false"/>
						<line number="215" hits="0" branch="false"/>
						<line number="226" hits="0" branch="false"/>
						<line number="227" hits="0" branch="false"/>
						<line number="237" hits="0" branch="false"/>
						<line number="238" hits="0" branch="false"/>
						<line number="248" hits="0" branch="false"/>
						<line number="250" hits="0" branch="false"/>
						<line number="251" hits="0" branch="false"/>
						<line number="252" hits="0" branch="false"/>
						<line number="253" hits="0" branch="false"/>
						<line number="265" hits="0" branch="false"/>
						<line number="266" hits="0" branch="false"/>
					</lines>
				</class>
				<class name="org.lafayette.server.resources.IndexResource" filename="org/lafayette/server/resources/IndexResource.java" line-rate="0.0" branch-rate="1.0" complexity="1.0">
					<methods>
						<method name="&lt;init&gt;" signature="()V" line-rate="0.0" branch-rate="1.0">
							<lines>
								<line number="30" hits="0" branch="false"/>
							</lines>
						</method>
						<method name="addUrisToIndexList" signature="(Lorg/lafayette/server/http/UriList;)V" line-rate="0.0" branch-rate="1.0">
							<lines>
								<line number="34" hits="0" branch="false"/>
								<line number="35" hits="0" branch="false"/>
								<line number="36" hits="0" branch="false"/>
							</lines>
						</method>
						<method name="auth" signature="()Ljava/lang/Object;" line-rate="0.0" branch-rate="1.0">
							<lines>
								<line number="66" hits="0" branch="false"/>
							</lines>
						</method>
						<method name="indexAsText" signature="()Ljava/lang/String;" line-rate="0.0" branch-rate="1.0">
							<lines>
								<line number="46" hits="0" branch="false"/>
								<line number="47" hits="0" branch="false"/>
								<line number="48" hits="0" branch="false"/>
							</lines>
						</method>
						<method name="indexAsUriList" signature="()Ljava/lang/String;" line-rate="1.0" branch-rate="1.0">
							<lines>
							</lines>
						</method>
						<method name="onLoaded" signature="(Lcom/sun/jersey/api/model/AbstractResourceModelContext;)V" line-rate="0.0" branch-rate="1.0">
							<lines>
								<line number="29" hits="0" branch="false"/>
							</lines>
						</method>
						<method name="test" signature="()Ljava/lang/Object;" line-rate="0.0" branch-rate="1.0">
							<lines>
								<line number="57" hits="0" branch="false"/>
							</lines>
						</method>
					</methods>
					<lines>
						<line number="29" hits="0" branch="false"/>
						<line number="30" hits="0" branch="false"/>
						<line number="34" hits="0" branch="false"/>
						<line number="35" hits="0" branch="false"/>
						<line number="36" hits="0" branch="false"/>
						<line number="46" hits="0" branch="false"/>
						<line number="47" hits="0" branch="false"/>
						<line number="48" hits="0" branch="false"/>
						<line number="57" hits="0" branch="false"/>
						<line number="66" hits="0" branch="false"/>
					</lines>
				</class>
				<class name="org.lafayette.server.resources.ServiceResource" filename="org/lafayette/server/resources/ServiceResource.java" line-rate="0.0" branch-rate="1.0" complexity="1.0">
					<methods>
						<method name="&lt;init&gt;" signature="()V" line-rate="0.0" branch-rate="1.0">
							<lines>
								<line number="26" hits="0" branch="false"/>
							</lines>
						</method>
						<method name="addUrisToIndexList" signature="(Lorg/lafayette/server/http/UriList;)V" line-rate="0.0" branch-rate="1.0">
							<lines>
								<line number="30" hits="0" branch="false"/>
								<line number="31" hits="0" branch="false"/>
								<line number="32" hits="0" branch="false"/>
								<line number="33" hits="0" branch="false"/>
							</lines>
						</method>
						<method name="indexAsUriList" signature="()Ljava/lang/String;" line-rate="1.0" branch-rate="1.0">
							<lines>
							</lines>
						</method>
						<method name="onLoaded" signature="(Lcom/sun/jersey/api/model/AbstractResourceModelContext;)V" line-rate="0.0" branch-rate="1.0">
							<lines>
								<line number="25" hits="0" branch="false"/>
							</lines>
						</method>
					</methods>
					<lines>
						<line number="25" hits="0" branch="false"/>
						<line number="26" hits="0" branch="false"/>
						<line number="30" hits="0" branch="false"/>
						<line number="31" hits="0" branch="false"/>
						<line number="32" hits="0" branch="false"/>
						<line number="33" hits="0" branch="false"/>
					</lines>
				</class>
				<class name="org.lafayette.server.resources.UserResource" filename="org/lafayette/server/resources/UserResource.java" line-rate="0.0" branch-rate="0.0" complexity="2.375">
					<methods>
						<method name="&lt;init&gt;" signature="()V" line-rate="0.0" branch-rate="1.0">
							<lines>
								<line number="39" hits="0" branch="false"/>
							</lines>
						</method>
						<method name="addUrisToIndexList" signature="(Lorg/lafayette/server/http/UriList;)V" line-rate="0.0" branch-rate="1.0">
							<lines>
								<line number="60" hits="0" branch="false"/>
								<line number="61" hits="0" branch="false"/>
								<line number="62" hits="0" branch="false"/>
								<line number="63" hits="0" branch="false"/>
							</lines>
						</method>
						<method name="createUser" signature="(Lorg/codehaus/jettison/json/JSONObject;)Ljavax/ws/rs/core/Response;" line-rate="0.0" branch-rate="0.0">
							<lines>
								<line number="158" hits="0" branch="true" condition-coverage="0% (0/2)">
									<conditions>
										<condition number="0" type="jump" coverage="0%"/>
									</conditions>
								</line>
								<line number="159" hits="0" branch="false"/>
								<line number="162" hits="0" branch="true" condition-coverage="0% (0/2)">
									<conditions>
										<condition number="0" type="jump" coverage="0%"/>
									</conditions>
								</line>
								<line number="163" hits="0" branch="false"/>
								<line number="166" hits="0" branch="true" condition-coverage="0% (0/2)">
									<conditions>
										<condition number="0" type="jump" coverage="0%"/>
									</conditions>
								</line>
								<line number="167" hits="0" branch="false"/>
								<line number="170" hits="0" branch="false"/>
								<line number="171" hits="0" branch="false"/>
								<line number="172" hits="0" branch="false"/>
								<line number="175" hits="0" branch="false"/>
								<line number="179" hits="0" branch="false"/>
							</lines>
						</method>
						<method name="findUserById" signature="(I)Lorg/lafayette/server/domain/User;" line-rate="0.0" branch-rate="1.0">
							<lines>
								<line number="213" hits="0" branch="false"/>
								<line number="214" hits="0" branch="false"/>
							</lines>
						</method>
						<method name="indexAsUriList" signature="()Ljava/lang/String;" line-rate="1.0" branch-rate="1.0">
							<lines>
							</lines>
						</method>
						<method name="onLoaded" signature="(Lcom/sun/jersey/api/model/AbstractResourceModelContext;)V" line-rate="0.0" branch-rate="1.0">
							<lines>
								<line number="38" hits="0" branch="false"/>
							</lines>
						</method>
						<method name="userAsJsonOrXml" signature="(Ljava/lang/String;)Lorg/lafayette/server/domain/User;" line-rate="0.0" branch-rate="0.0">
							<lines>
								<line number="120" hits="0" branch="false"/>
								<line number="122" hits="0" branch="true" condition-coverage="0% (0/2)">
									<conditions>
										<condition number="0" type="jump" coverage="0%"/>
									</conditions>
								</line>
								<line number="123" hits="0" branch="false"/>
								<line number="126" hits="0" branch="false"/>
							</lines>
						</method>
						<method name="userAsMessagePack" signature="(Ljava/lang/String;)Ljavax/ws/rs/core/Response;" line-rate="0.0" branch-rate="0.0">
							<lines>
								<line number="139" hits="0" branch="false"/>
								<line number="141" hits="0" branch="true" condition-coverage="0% (0/2)">
									<conditions>
										<condition number="0" type="jump" coverage="0%"/>
									</conditions>
								</line>
								<line number="142" hits="0" branch="false"/>
								<line number="145" hits="0" branch="false"/>
							</lines>
						</method>
						<method name="userAsPlainText" signature="(Ljava/lang/String;)Ljava/lang/String;" line-rate="0.0" branch-rate="0.0">
							<lines>
								<line number="101" hits="0" branch="false"/>
								<line number="103" hits="0" branch="true" condition-coverage="0% (0/2)">
									<conditions>
										<condition number="0" type="jump" coverage="0%"/>
									</conditions>
								</line>
								<line number="104" hits="0" branch="false"/>
								<line number="107" hits="0" branch="false"/>
							</lines>
						</method>
						<method name="usersAsText" signature="()Ljava/lang/String;" line-rate="0.0" branch-rate="0.0">
							<lines>
								<line number="73" hits="0" branch="false"/>
								<line number="74" hits="0" branch="false"/>
								<line number="75" hits="0" branch="false"/>
								<line number="81" hits="0" branch="true" condition-coverage="0% (0/2)">
									<conditions>
										<condition number="0" type="jump" coverage="0%"/>
									</conditions>
								</line>
								<line number="82" hits="0" branch="false"/>
								<line number="88" hits="0" branch="false"/>
							</lines>
						</method>
						<method name="validateUserId" signature="(Ljava/lang/String;)I" line-rate="0.0" branch-rate="0.0">
							<lines>
								<line number="194" hits="0" branch="true" condition-coverage="0% (0/4)">
									<conditions>
										<condition number="0" type="jump" coverage="0%"/>
										<condition number="1" type="jump" coverage="0%"/>
									</conditions>
								</line>
								<line number="195" hits="0" branch="false"/>
								<line number="199" hits="0" branch="false"/>
								<line number="200" hits="0" branch="false"/>
								<line number="201" hits="0" branch="false"/>
								<line number="202" hits="0" branch="false"/>
							</lines>
						</method>
					</methods>
					<lines>
						<line number="38" hits="0" branch="false"/>
						<line number="39" hits="0" branch="false"/>
						<line number="60" hits="0" branch="false"/>
						<line number="61" hits="0" branch="false"/>
						<line number="62" hits="0" branch="false"/>
						<line number="63" hits="0" branch="false"/>
						<line number="73" hits="0" branch="false"/>
						<line number="74" hits="0" branch="false"/>
						<line number="75" hits="0" branch="false"/>
						<line number="81" hits="0" branch="true" condition-coverage="0% (0/2)">
							<conditions>
								<condition number="0" type="jump" coverage="0%"/>
							</conditions>
						</line>
						<line number="82" hits="0" branch="false"/>
						<line number="88" hits="0" branch="false"/>
						<line number="101" hits="0" branch="false"/>
						<line number="103" hits="0" branch="true" condition-coverage="0% (0/2)">
							<conditions>
								<condition number="0" type="jump" coverage="0%"/>
							</conditions>
						</line>
						<line number="104" hits="0" branch="false"/>
						<line number="107" hits="0" branch="false"/>
						<line number="120" hits="0" branch="false"/>
						<line number="122" hits="0" branch="true" condition-coverage="0% (0/2)">
							<conditions>
								<condition number="0" type="jump" coverage="0%"/>
							</conditions>
						</line>
						<line number="123" hits="0" branch="false"/>
						<line number="126" hits="0" branch="false"/>
						<line number="139" hits="0" branch="false"/>
						<line number="141" hits="0" branch="true" condition-coverage="0% (0/2)">
							<conditions>
								<condition number="0" type="jump" coverage="0%"/>
							</conditions>
						</line>
						<line number="142" hits="0" branch="false"/>
						<line number="145" hits="0" branch="false"/>
						<line number="158" hits="0" branch="true" condition-coverage="0% (0/2)">
							<conditions>
								<condition number="0" type="jump" coverage="0%"/>
							</conditions>
						</line>
						<line number="159" hits="0" branch="false"/>
						<line number="162" hits="0" branch="true" condition-coverage="0% (0/2)">
							<conditions>
								<condition number="0" type="jump" coverage="0%"/>
							</conditions>
						</line>
						<line number="163" hits="0" branch="false"/>
						<line number="166" hits="0" branch="true" condition-coverage="0% (0/2)">
							<conditions>
								<condition number="0" type="jump" coverage="0%"/>
							</conditions>
						</line>
						<line number="167" hits="0" branch="false"/>
						<line number="170" hits="0" branch="false"/>
						<line number="171" hits="0" branch="false"/>
						<line number="172" hits="0" branch="false"/>
						<line number="175" hits="0" branch="false"/>
						<line number="179" hits="0" branch="false"/>
						<line number="194" hits="0" branch="true" condition-coverage="0% (0/4)">
							<conditions>
								<condition number="0" type="jump" coverage="0%"/>
								<condition number="1" type="jump" coverage="0%"/>
							</conditions>
						</line>
						<line number="195" hits="0" branch="false"/>
						<line number="199" hits="0" branch="false"/>
						<line number="200" hits="0" branch="false"/>
						<line number="201" hits="0" branch="false"/>
						<line number="202" hits="0" branch="false"/>
						<line number="213" hits="0" branch="false"/>
						<line number="214" hits="0" branch="false"/>
					</lines>
				</class>
			</classes>
		</package>
	</packages>
</coverage>
