<?xml version="1.0"?>
<!DOCTYPE coverage SYSTEM "http://cobertura.sourceforge.net/xml/coverage-04.dtd">

<coverage line-rate="0.41947029348604153" branch-rate="0.5714285714285714" lines-covered="586" lines-valid="1397" branches-covered="116" branches-valid="203" complexity="1.2484472049689441" version="1.9.4.1" timestamp="1370185677884">
	<sources>
		<source>--source</source>
		<source>/Users/sxs/Projects/Lafayette/server/src/main/java</source>
	</sources>
	<packages>
		<package name="org.lafayette.server" line-rate="0.3624161073825503" branch-rate="0.4" complexity="1.4054054054054055">
			<classes>
				<class name="org.lafayette.server.ApplicationException" filename="org/lafayette/server/ApplicationException.java" line-rate="0.3333333333333333" branch-rate="1.0" complexity="1.0">
					<methods>
						<method name="&lt;init&gt;" signature="(Ljava/lang/String;)V" line-rate="1.0" branch-rate="1.0">
							<lines>
								<line number="26" hits="4" branch="false"/>
								<line number="27" hits="4" branch="false"/>
							</lines>
						</method>
						<method name="&lt;init&gt;" signature="(Ljava/lang/String;Ljava/lang/Throwable;)V" line-rate="0.0" branch-rate="1.0">
							<lines>
								<line number="30" hits="0" branch="false"/>
								<line number="31" hits="0" branch="false"/>
							</lines>
						</method>
						<method name="&lt;init&gt;" signature="(Ljava/lang/Throwable;)V" line-rate="0.0" branch-rate="1.0">
							<lines>
								<line number="22" hits="0" branch="false"/>
								<line number="23" hits="0" branch="false"/>
							</lines>
						</method>
					</methods>
					<lines>
						<line number="22" hits="0" branch="false"/>
						<line number="23" hits="0" branch="false"/>
						<line number="26" hits="4" branch="false"/>
						<line number="27" hits="4" branch="false"/>
						<line number="30" hits="0" branch="false"/>
						<line number="31" hits="0" branch="false"/>
					</lines>
				</class>
				<class name="org.lafayette.server.EnvVars" filename="org/lafayette/server/EnvVars.java" line-rate="0.0" branch-rate="0.0" complexity="2.0">
					<methods>
						<method name="&lt;clinit&gt;" signature="()V" line-rate="0.0" branch-rate="1.0">
							<lines>
								<line number="20" hits="0" branch="false"/>
								<line number="25" hits="0" branch="false"/>
								<line number="29" hits="0" branch="false"/>
							</lines>
						</method>
						<method name="&lt;init&gt;" signature="(Ljava/lang/String;I)V" line-rate="1.0" branch-rate="1.0">
							<lines>
							</lines>
						</method>
						<method name="getFromSystem" signature="()Ljava/lang/String;" line-rate="0.0" branch-rate="0.0">
							<lines>
								<line number="37" hits="0" branch="false"/>
								<line number="38" hits="0" branch="true" condition-coverage="0% (0/2)">
									<conditions>
										<condition number="0" type="jump" coverage="0%"/>
									</conditions>
								</line>
							</lines>
						</method>
						<method name="valueOf" signature="(Ljava/lang/String;)Lorg/lafayette/server/EnvVars;" line-rate="1.0" branch-rate="1.0">
							<lines>
							</lines>
						</method>
						<method name="values" signature="()[Lorg/lafayette/server/EnvVars;" line-rate="1.0" branch-rate="1.0">
							<lines>
							</lines>
						</method>
					</methods>
					<lines>
						<line number="20" hits="0" branch="false"/>
						<line number="25" hits="0" branch="false"/>
						<line number="29" hits="0" branch="false"/>
						<line number="37" hits="0" branch="false"/>
						<line number="38" hits="0" branch="true" condition-coverage="0% (0/2)">
							<conditions>
								<condition number="0" type="jump" coverage="0%"/>
							</conditions>
						</line>
					</lines>
				</class>
				<class name="org.lafayette.server.Registry" filename="org/lafayette/server/Registry.java" line-rate="0.8888888888888888" branch-rate="1.0" complexity="1.0">
					<methods>
						<method name="&lt;init&gt;" signature="()V" line-rate="1.0" branch-rate="1.0">
							<lines>
								<line number="47" hits="14" branch="false"/>
								<line number="51" hits="14" branch="false"/>
								<line number="55" hits="14" branch="false"/>
								<line number="59" hits="14" branch="false"/>
								<line number="63" hits="14" branch="false"/>
								<line number="67" hits="14" branch="false"/>
								<line number="79" hits="14" branch="false"/>
								<line number="80" hits="14" branch="false"/>
							</lines>
						</method>
						<method name="getDatabase" signature="()Ljava/sql/Connection;" line-rate="1.0" branch-rate="1.0">
							<lines>
								<line number="126" hits="2" branch="false"/>
							</lines>
						</method>
						<method name="getDependnecyInjector" signature="()Lcom/google/inject/Injector;" line-rate="0.0" branch-rate="1.0">
							<lines>
								<line number="212" hits="0" branch="false"/>
							</lines>
						</method>
						<method name="getMappers" signature="()Lorg/lafayette/server/mapper/Mappers;" line-rate="1.0" branch-rate="1.0">
							<lines>
								<line number="164" hits="2" branch="false"/>
							</lines>
						</method>
						<method name="getNongeGenerator" signature="()Lorg/lafayette/server/nonce/Nonce;" line-rate="1.0" branch-rate="1.0">
							<lines>
								<line number="183" hits="1" branch="false"/>
							</lines>
						</method>
						<method name="getServerConfig" signature="()Lorg/lafayette/server/config/ServerConfig;" line-rate="1.0" branch-rate="1.0">
							<lines>
								<line number="145" hits="2" branch="false"/>
							</lines>
						</method>
						<method name="getStage" signature="()Lorg/lafayette/server/Stage;" line-rate="1.0" branch-rate="1.0">
							<lines>
								<line number="107" hits="2" branch="false"/>
							</lines>
						</method>
						<method name="getVersion" signature="()Lde/weltraumschaf/commons/Version;" line-rate="1.0" branch-rate="1.0">
							<lines>
								<line number="88" hits="2" branch="false"/>
							</lines>
						</method>
						<method name="setDatabase" signature="(Ljava/sql/Connection;)V" line-rate="1.0" branch-rate="1.0">
							<lines>
								<line number="135" hits="2" branch="false"/>
								<line number="136" hits="1" branch="false"/>
								<line number="137" hits="1" branch="false"/>
							</lines>
						</method>
						<method name="setDependnecyInjector" signature="(Lcom/google/inject/Injector;)V" line-rate="0.0" branch-rate="1.0">
							<lines>
								<line number="202" hits="0" branch="false"/>
								<line number="203" hits="0" branch="false"/>
								<line number="204" hits="0" branch="false"/>
							</lines>
						</method>
						<method name="setMappers" signature="(Lorg/lafayette/server/mapper/Mappers;)V" line-rate="1.0" branch-rate="1.0">
							<lines>
								<line number="173" hits="2" branch="false"/>
								<line number="174" hits="1" branch="false"/>
								<line number="175" hits="1" branch="false"/>
							</lines>
						</method>
						<method name="setNongeGenerator" signature="(Lorg/lafayette/server/nonce/Nonce;)V" line-rate="1.0" branch-rate="1.0">
							<lines>
								<line number="192" hits="2" branch="false"/>
								<line number="193" hits="1" branch="false"/>
								<line number="194" hits="1" branch="false"/>
							</lines>
						</method>
						<method name="setServerConfig" signature="(Lorg/lafayette/server/config/ServerConfig;)V" line-rate="1.0" branch-rate="1.0">
							<lines>
								<line number="154" hits="2" branch="false"/>
								<line number="155" hits="1" branch="false"/>
								<line number="156" hits="1" branch="false"/>
							</lines>
						</method>
						<method name="setStage" signature="(Lorg/lafayette/server/Stage;)V" line-rate="1.0" branch-rate="1.0">
							<lines>
								<line number="116" hits="2" branch="false"/>
								<line number="117" hits="1" branch="false"/>
								<line number="118" hits="1" branch="false"/>
							</lines>
						</method>
						<method name="setVersion" signature="(Lde/weltraumschaf/commons/Version;)V" line-rate="1.0" branch-rate="1.0">
							<lines>
								<line number="97" hits="2" branch="false"/>
								<line number="98" hits="1" branch="false"/>
								<line number="99" hits="1" branch="false"/>
							</lines>
						</method>
					</methods>
					<lines>
						<line number="47" hits="14" branch="false"/>
						<line number="51" hits="14" branch="false"/>
						<line number="55" hits="14" branch="false"/>
						<line number="59" hits="14" branch="false"/>
						<line number="63" hits="14" branch="false"/>
						<line number="67" hits="14" branch="false"/>
						<line number="79" hits="14" branch="false"/>
						<line number="80" hits="14" branch="false"/>
						<line number="88" hits="2" branch="false"/>
						<line number="97" hits="2" branch="false"/>
						<line number="98" hits="1" branch="false"/>
						<line number="99" hits="1" branch="false"/>
						<line number="107" hits="2" branch="false"/>
						<line number="116" hits="2" branch="false"/>
						<line number="117" hits="1" branch="false"/>
						<line number="118" hits="1" branch="false"/>
						<line number="126" hits="2" branch="false"/>
						<line number="135" hits="2" branch="false"/>
						<line number="136" hits="1" branch="false"/>
						<line number="137" hits="1" branch="false"/>
						<line number="145" hits="2" branch="false"/>
						<line number="154" hits="2" branch="false"/>
						<line number="155" hits="1" branch="false"/>
						<line number="156" hits="1" branch="false"/>
						<line number="164" hits="2" branch="false"/>
						<line number="173" hits="2" branch="false"/>
						<line number="174" hits="1" branch="false"/>
						<line number="175" hits="1" branch="false"/>
						<line number="183" hits="1" branch="false"/>
						<line number="192" hits="2" branch="false"/>
						<line number="193" hits="1" branch="false"/>
						<line number="194" hits="1" branch="false"/>
						<line number="202" hits="0" branch="false"/>
						<line number="203" hits="0" branch="false"/>
						<line number="204" hits="0" branch="false"/>
						<line number="212" hits="0" branch="false"/>
					</lines>
				</class>
				<class name="org.lafayette.server.ServerContextListener" filename="org/lafayette/server/ServerContextListener.java" line-rate="0.0" branch-rate="0.0" complexity="2.0">
					<methods>
						<method name="&lt;clinit&gt;" signature="()V" line-rate="0.0" branch-rate="1.0">
							<lines>
								<line number="54" hits="0" branch="false"/>
							</lines>
						</method>
						<method name="&lt;init&gt;" signature="()V" line-rate="0.0" branch-rate="1.0">
							<lines>
								<line number="58" hits="0" branch="false"/>
								<line number="66" hits="0" branch="false"/>
								<line number="67" hits="0" branch="false"/>
							</lines>
						</method>
						<method name="closeDatabaseConnection" signature="()V" line-rate="0.0" branch-rate="1.0">
							<lines>
								<line number="193" hits="0" branch="false"/>
								<line number="194" hits="0" branch="false"/>
								<line number="195" hits="0" branch="false"/>
								<line number="196" hits="0" branch="false"/>
								<line number="197" hits="0" branch="false"/>
								<line number="198" hits="0" branch="false"/>
							</lines>
						</method>
						<method name="contextDestroyed" signature="(Ljavax/servlet/ServletContextEvent;)V" line-rate="0.0" branch-rate="1.0">
							<lines>
								<line number="91" hits="0" branch="false"/>
								<line number="92" hits="0" branch="false"/>
								<line number="93" hits="0" branch="false"/>
							</lines>
						</method>
						<method name="contextInitialized" signature="(Ljavax/servlet/ServletContextEvent;)V" line-rate="0.0" branch-rate="1.0">
							<lines>
								<line number="80" hits="0" branch="false"/>
								<line number="81" hits="0" branch="false"/>
								<line number="82" hits="0" branch="false"/>
								<line number="83" hits="0" branch="false"/>
								<line number="84" hits="0" branch="false"/>
								<line number="85" hits="0" branch="false"/>
								<line number="86" hits="0" branch="false"/>
								<line number="87" hits="0" branch="false"/>
							</lines>
						</method>
						<method name="createMappersFactory" signature="(Ljava/sql/Connection;)V" line-rate="0.0" branch-rate="1.0">
							<lines>
								<line number="206" hits="0" branch="false"/>
								<line number="207" hits="0" branch="false"/>
							</lines>
						</method>
						<method name="getInjector" signature="()Lcom/google/inject/Injector;" line-rate="0.0" branch-rate="1.0">
							<lines>
								<line number="72" hits="0" branch="false"/>
								<line number="73" hits="0" branch="false"/>
								<line number="74" hits="0" branch="false"/>
								<line number="75" hits="0" branch="false"/>
							</lines>
						</method>
						<method name="loadConfig" signature="()Lorg/lafayette/server/config/ServerConfig;" line-rate="0.0" branch-rate="0.0">
							<lines>
								<line number="156" hits="0" branch="false"/>
								<line number="157" hits="0" branch="false"/>
								<line number="158" hits="0" branch="false"/>
								<line number="159" hits="0" branch="false"/>
								<line number="162" hits="0" branch="false"/>
								<line number="163" hits="0" branch="false"/>
								<line number="165" hits="0" branch="true" condition-coverage="0% (0/2)">
									<conditions>
										<condition number="0" type="jump" coverage="0%"/>
									</conditions>
								</line>
								<line number="166" hits="0" branch="false"/>
								<line number="167" hits="0" branch="false"/>
								<line number="168" hits="0" branch="false"/>
								<line number="169" hits="0" branch="false"/>
								<line number="170" hits="0" branch="false"/>
								<line number="171" hits="0" branch="false"/>
								<line number="173" hits="0" branch="false"/>
								<line number="174" hits="0" branch="false"/>
								<line number="176" hits="0" branch="false"/>
								<line number="177" hits="0" branch="true" condition-coverage="0% (0/2)">
									<conditions>
										<condition number="0" type="jump" coverage="0%"/>
									</conditions>
								</line>
								<line number="178" hits="0" branch="false"/>
								<line number="180" hits="0" branch="false"/>
								<line number="181" hits="0" branch="false"/>
								<line number="182" hits="0" branch="false"/>
								<line number="183" hits="0" branch="false"/>
								<line number="185" hits="0" branch="false"/>
							</lines>
						</method>
						<method name="loadStage" signature="()V" line-rate="0.0" branch-rate="1.0">
							<lines>
								<line number="114" hits="0" branch="false"/>
								<line number="115" hits="0" branch="false"/>
								<line number="116" hits="0" branch="false"/>
								<line number="117" hits="0" branch="false"/>
								<line number="118" hits="0" branch="false"/>
								<line number="119" hits="0" branch="false"/>
							</lines>
						</method>
						<method name="loadVersion" signature="()V" line-rate="0.0" branch-rate="1.0">
							<lines>
								<line number="100" hits="0" branch="false"/>
								<line number="101" hits="0" branch="false"/>
								<line number="102" hits="0" branch="false"/>
								<line number="103" hits="0" branch="false"/>
								<line number="104" hits="0" branch="false"/>
								<line number="105" hits="0" branch="false"/>
								<line number="106" hits="0" branch="false"/>
								<line number="107" hits="0" branch="false"/>
								<line number="108" hits="0" branch="false"/>
							</lines>
						</method>
						<method name="openDatabaseConnection" signature="(Lorg/lafayette/server/config/ServerConfig;)Ljava/sql/Connection;" line-rate="0.0" branch-rate="1.0">
							<lines>
								<line number="129" hits="0" branch="false"/>
								<line number="130" hits="0" branch="false"/>
								<line number="131" hits="0" branch="false"/>
								<line number="132" hits="0" branch="false"/>
								<line number="136" hits="0" branch="false"/>
								<line number="137" hits="0" branch="false"/>
								<line number="138" hits="0" branch="false"/>
								<line number="139" hits="0" branch="false"/>
								<line number="140" hits="0" branch="false"/>
								<line number="141" hits="0" branch="false"/>
								<line number="142" hits="0" branch="false"/>
								<line number="143" hits="0" branch="false"/>
								<line number="144" hits="0" branch="false"/>
								<line number="145" hits="0" branch="false"/>
								<line number="147" hits="0" branch="false"/>
							</lines>
						</method>
					</methods>
					<lines>
						<line number="54" hits="0" branch="false"/>
						<line number="58" hits="0" branch="false"/>
						<line number="66" hits="0" branch="false"/>
						<line number="67" hits="0" branch="false"/>
						<line number="72" hits="0" branch="false"/>
						<line number="73" hits="0" branch="false"/>
						<line number="74" hits="0" branch="false"/>
						<line number="75" hits="0" branch="false"/>
						<line number="80" hits="0" branch="false"/>
						<line number="81" hits="0" branch="false"/>
						<line number="82" hits="0" branch="false"/>
						<line number="83" hits="0" branch="false"/>
						<line number="84" hits="0" branch="false"/>
						<line number="85" hits="0" branch="false"/>
						<line number="86" hits="0" branch="false"/>
						<line number="87" hits="0" branch="false"/>
						<line number="91" hits="0" branch="false"/>
						<line number="92" hits="0" branch="false"/>
						<line number="93" hits="0" branch="false"/>
						<line number="100" hits="0" branch="false"/>
						<line number="101" hits="0" branch="false"/>
						<line number="102" hits="0" branch="false"/>
						<line number="103" hits="0" branch="false"/>
						<line number="104" hits="0" branch="false"/>
						<line number="105" hits="0" branch="false"/>
						<line number="106" hits="0" branch="false"/>
						<line number="107" hits="0" branch="false"/>
						<line number="108" hits="0" branch="false"/>
						<line number="114" hits="0" branch="false"/>
						<line number="115" hits="0" branch="false"/>
						<line number="116" hits="0" branch="false"/>
						<line number="117" hits="0" branch="false"/>
						<line number="118" hits="0" branch="false"/>
						<line number="119" hits="0" branch="false"/>
						<line number="129" hits="0" branch="false"/>
						<line number="130" hits="0" branch="false"/>
						<line number="131" hits="0" branch="false"/>
						<line number="132" hits="0" branch="false"/>
						<line number="136" hits="0" branch="false"/>
						<line number="137" hits="0" branch="false"/>
						<line number="138" hits="0" branch="false"/>
						<line number="139" hits="0" branch="false"/>
						<line number="140" hits="0" branch="false"/>
						<line number="141" hits="0" branch="false"/>
						<line number="142" hits="0" branch="false"/>
						<line number="143" hits="0" branch="false"/>
						<line number="144" hits="0" branch="false"/>
						<line number="145" hits="0" branch="false"/>
						<line number="147" hits="0" branch="false"/>
						<line number="156" hits="0" branch="false"/>
						<line number="157" hits="0" branch="false"/>
						<line number="158" hits="0" branch="false"/>
						<line number="159" hits="0" branch="false"/>
						<line number="162" hits="0" branch="false"/>
						<line number="163" hits="0" branch="false"/>
						<line number="165" hits="0" branch="true" condition-coverage="0% (0/2)">
							<conditions>
								<condition number="0" type="jump" coverage="0%"/>
							</conditions>
						</line>
						<line number="166" hits="0" branch="false"/>
						<line number="167" hits="0" branch="false"/>
						<line number="168" hits="0" branch="false"/>
						<line number="169" hits="0" branch="false"/>
						<line number="170" hits="0" branch="false"/>
						<line number="171" hits="0" branch="false"/>
						<line number="173" hits="0" branch="false"/>
						<line number="174" hits="0" branch="false"/>
						<line number="176" hits="0" branch="false"/>
						<line number="177" hits="0" branch="true" condition-coverage="0% (0/2)">
							<conditions>
								<condition number="0" type="jump" coverage="0%"/>
							</conditions>
						</line>
						<line number="178" hits="0" branch="false"/>
						<line number="180" hits="0" branch="false"/>
						<line number="181" hits="0" branch="false"/>
						<line number="182" hits="0" branch="false"/>
						<line number="183" hits="0" branch="false"/>
						<line number="185" hits="0" branch="false"/>
						<line number="193" hits="0" branch="false"/>
						<line number="194" hits="0" branch="false"/>
						<line number="195" hits="0" branch="false"/>
						<line number="196" hits="0" branch="false"/>
						<line number="197" hits="0" branch="false"/>
						<line number="198" hits="0" branch="false"/>
						<line number="206" hits="0" branch="false"/>
						<line number="207" hits="0" branch="false"/>
					</lines>
				</class>
				<class name="org.lafayette.server.ServerModule" filename="org/lafayette/server/ServerModule.java" line-rate="0.0" branch-rate="1.0" complexity="1.0">
					<methods>
						<method name="&lt;init&gt;" signature="()V" line-rate="0.0" branch-rate="1.0">
							<lines>
								<line number="22" hits="0" branch="false"/>
							</lines>
						</method>
						<method name="configure" signature="()V" line-rate="0.0" branch-rate="1.0">
							<lines>
								<line number="27" hits="0" branch="false"/>
							</lines>
						</method>
					</methods>
					<lines>
						<line number="22" hits="0" branch="false"/>
						<line number="27" hits="0" branch="false"/>
					</lines>
				</class>
				<class name="org.lafayette.server.Stage" filename="org/lafayette/server/Stage.java" line-rate="1.0" branch-rate="1.0" complexity="1.5714285714285714">
					<methods>
						<method name="&lt;clinit&gt;" signature="()V" line-rate="1.0" branch-rate="1.0">
							<lines>
								<line number="30" hits="1" branch="false"/>
							</lines>
						</method>
						<method name="&lt;init&gt;" signature="()V" line-rate="1.0" branch-rate="1.0">
							<lines>
								<line number="40" hits="16" branch="false"/>
								<line number="41" hits="16" branch="false"/>
							</lines>
						</method>
						<method name="&lt;init&gt;" signature="(Ljava/lang/String;)V" line-rate="1.0" branch-rate="1.0">
							<lines>
								<line number="50" hits="6" branch="false"/>
								<line number="51" hits="6" branch="false"/>
							</lines>
						</method>
						<method name="&lt;init&gt;" signature="(Lorg/lafayette/server/Stage$Stages;)V" line-rate="1.0" branch-rate="1.0">
							<lines>
								<line number="59" hits="22" branch="false"/>
								<line number="60" hits="22" branch="false"/>
								<line number="61" hits="22" branch="false"/>
							</lines>
						</method>
						<method name="access$000" signature="()Lorg/lafayette/server/Stage$Stages;" line-rate="1.0" branch-rate="1.0">
							<lines>
								<line number="25" hits="4" branch="false"/>
							</lines>
						</method>
						<method name="getStage" signature="()Lorg/lafayette/server/Stage$Stages;" line-rate="1.0" branch-rate="1.0">
							<lines>
								<line number="69" hits="5" branch="false"/>
							</lines>
						</method>
						<method name="toString" signature="()Ljava/lang/String;" line-rate="1.0" branch-rate="1.0">
							<lines>
								<line number="74" hits="2" branch="false"/>
							</lines>
						</method>
					</methods>
					<lines>
						<line number="25" hits="4" branch="false"/>
						<line number="30" hits="1" branch="false"/>
						<line number="40" hits="16" branch="false"/>
						<line number="41" hits="16" branch="false"/>
						<line number="50" hits="6" branch="false"/>
						<line number="51" hits="6" branch="false"/>
						<line number="59" hits="22" branch="false"/>
						<line number="60" hits="22" branch="false"/>
						<line number="61" hits="22" branch="false"/>
						<line number="69" hits="5" branch="false"/>
						<line number="74" hits="2" branch="false"/>
					</lines>
				</class>
				<class name="org.lafayette.server.Stage$Stages" filename="org/lafayette/server/Stage.java" line-rate="1.0" branch-rate="1.0" complexity="1.5714285714285714">
					<methods>
						<method name="&lt;clinit&gt;" signature="()V" line-rate="1.0" branch-rate="1.0">
							<lines>
								<line number="80" hits="3" branch="false"/>
								<line number="85" hits="1" branch="false"/>
								<line number="89" hits="1" branch="false"/>
							</lines>
						</method>
						<method name="&lt;init&gt;" signature="(Ljava/lang/String;I)V" line-rate="1.0" branch-rate="1.0">
							<lines>
							</lines>
						</method>
						<method name="map" signature="(Ljava/lang/String;)Lorg/lafayette/server/Stage$Stages;" line-rate="1.0" branch-rate="1.0">
							<lines>
								<line number="110" hits="10" branch="true" condition-coverage="100% (2/2)">
									<conditions>
										<condition number="0" type="jump" coverage="100%"/>
									</conditions>
								</line>
								<line number="111" hits="3" branch="false"/>
								<line number="112" hits="7" branch="true" condition-coverage="100% (2/2)">
									<conditions>
										<condition number="0" type="jump" coverage="100%"/>
									</conditions>
								</line>
								<line number="113" hits="3" branch="false"/>
								<line number="116" hits="4" branch="false"/>
							</lines>
						</method>
						<method name="toString" signature="()Ljava/lang/String;" line-rate="1.0" branch-rate="1.0">
							<lines>
								<line number="93" hits="2" branch="false"/>
							</lines>
						</method>
						<method name="valueOf" signature="(Ljava/lang/String;)Lorg/lafayette/server/Stage$Stages;" line-rate="1.0" branch-rate="1.0">
							<lines>
							</lines>
						</method>
						<method name="values" signature="()[Lorg/lafayette/server/Stage$Stages;" line-rate="1.0" branch-rate="1.0">
							<lines>
							</lines>
						</method>
					</methods>
					<lines>
						<line number="80" hits="3" branch="false"/>
						<line number="85" hits="1" branch="false"/>
						<line number="89" hits="1" branch="false"/>
						<line number="93" hits="2" branch="false"/>
						<line number="110" hits="10" branch="true" condition-coverage="100% (2/2)">
							<conditions>
								<condition number="0" type="jump" coverage="100%"/>
							</conditions>
						</line>
						<line number="111" hits="3" branch="false"/>
						<line number="112" hits="7" branch="true" condition-coverage="100% (2/2)">
							<conditions>
								<condition number="0" type="jump" coverage="100%"/>
							</conditions>
						</line>
						<line number="113" hits="3" branch="false"/>
						<line number="116" hits="4" branch="false"/>
					</lines>
				</class>
			</classes>
		</package>
		<package name="org.lafayette.server.config" line-rate="0.6404494382022472" branch-rate="0.625" complexity="1.8823529411764706">
			<classes>
				<class name="org.lafayette.server.config.ConfigLoader" filename="org/lafayette/server/config/ConfigLoader.java" line-rate="0.2727272727272727" branch-rate="0.0" complexity="1.875">
					<methods>
						<method name="&lt;clinit&gt;" signature="()V" line-rate="1.0" branch-rate="1.0">
							<lines>
								<line number="31" hits="1" branch="false"/>
							</lines>
						</method>
						<method name="&lt;init&gt;" signature="(Lorg/lafayette/server/config/LoaderStrategie;)V" line-rate="1.0" branch-rate="1.0">
							<lines>
								<line number="43" hits="1" branch="false"/>
								<line number="44" hits="1" branch="false"/>
								<line number="45" hits="1" branch="false"/>
							</lines>
						</method>
						<method name="create" signature="()Lorg/lafayette/server/config/ConfigLoader;" line-rate="0.0" branch-rate="1.0">
							<lines>
								<line number="86" hits="0" branch="false"/>
							</lines>
						</method>
						<method name="create" signature="(Lorg/lafayette/server/config/LoaderStrategie;)Lorg/lafayette/server/config/ConfigLoader;" line-rate="1.0" branch-rate="1.0">
							<lines>
								<line number="96" hits="1" branch="false"/>
							</lines>
						</method>
						<method name="determineStrategy" signature="()Lorg/lafayette/server/config/LoaderStrategie;" line-rate="0.0" branch-rate="1.0">
							<lines>
								<line number="54" hits="0" branch="false"/>
							</lines>
						</method>
						<method name="determineStrategy" signature="(Ljava/lang/String;)Lorg/lafayette/server/config/LoaderStrategie;" line-rate="0.0" branch-rate="0.0">
							<lines>
								<line number="66" hits="0" branch="false"/>
								<line number="68" hits="0" branch="true" condition-coverage="0% (0/2)">
									<conditions>
										<condition number="0" type="jump" coverage="0%"/>
									</conditions>
								</line>
								<line number="69" hits="0" branch="false"/>
								<line number="70" hits="0" branch="false"/>
								<line number="71" hits="0" branch="true" condition-coverage="0% (0/4)">
									<conditions>
										<condition number="0" type="jump" coverage="0%"/>
										<condition number="1" type="jump" coverage="0%"/>
									</conditions>
								</line>
								<line number="72" hits="0" branch="false"/>
								<line number="74" hits="0" branch="true" condition-coverage="0% (0/2)">
									<conditions>
										<condition number="0" type="jump" coverage="0%"/>
									</conditions>
								</line>
								<line number="75" hits="0" branch="false"/>
								<line number="78" hits="0" branch="false"/>
								<line number="79" hits="0" branch="false"/>
								<line number="81" hits="0" branch="false"/>
							</lines>
						</method>
						<method name="getFile" signature="()Ljava/io/File;" line-rate="1.0" branch-rate="1.0">
							<lines>
								<line number="125" hits="1" branch="false"/>
							</lines>
						</method>
						<method name="hasConfig" signature="()Z" line-rate="0.0" branch-rate="1.0">
							<lines>
								<line number="114" hits="0" branch="false"/>
							</lines>
						</method>
						<method name="load" signature="()V" line-rate="0.0" branch-rate="1.0">
							<lines>
								<line number="103" hits="0" branch="false"/>
								<line number="104" hits="0" branch="false"/>
							</lines>
						</method>
					</methods>
					<lines>
						<line number="31" hits="1" branch="false"/>
						<line number="43" hits="1" branch="false"/>
						<line number="44" hits="1" branch="false"/>
						<line number="45" hits="1" branch="false"/>
						<line number="54" hits="0" branch="false"/>
						<line number="66" hits="0" branch="false"/>
						<line number="68" hits="0" branch="true" condition-coverage="0% (0/2)">
							<conditions>
								<condition number="0" type="jump" coverage="0%"/>
							</conditions>
						</line>
						<line number="69" hits="0" branch="false"/>
						<line number="70" hits="0" branch="false"/>
						<line number="71" hits="0" branch="true" condition-coverage="0% (0/4)">
							<conditions>
								<condition number="0" type="jump" coverage="0%"/>
								<condition number="1" type="jump" coverage="0%"/>
							</conditions>
						</line>
						<line number="72" hits="0" branch="false"/>
						<line number="74" hits="0" branch="true" condition-coverage="0% (0/2)">
							<conditions>
								<condition number="0" type="jump" coverage="0%"/>
							</conditions>
						</line>
						<line number="75" hits="0" branch="false"/>
						<line number="78" hits="0" branch="false"/>
						<line number="79" hits="0" branch="false"/>
						<line number="81" hits="0" branch="false"/>
						<line number="86" hits="0" branch="false"/>
						<line number="96" hits="1" branch="false"/>
						<line number="103" hits="0" branch="false"/>
						<line number="104" hits="0" branch="false"/>
						<line number="114" hits="0" branch="false"/>
						<line number="125" hits="1" branch="false"/>
					</lines>
				</class>
				<class name="org.lafayette.server.config.LoaderStrategie" filename="org/lafayette/server/config/LoaderStrategie.java" line-rate="1.0" branch-rate="1.0" complexity="1.0">
					<methods>
					</methods>
					<lines>
					</lines>
				</class>
				<class name="org.lafayette.server.config.ServerConfig" filename="org/lafayette/server/config/ServerConfig.java" line-rate="1.0" branch-rate="0.75" complexity="1.4444444444444444">
					<methods>
						<method name="&lt;init&gt;" signature="(Ljava/util/Properties;)V" line-rate="1.0" branch-rate="1.0">
							<lines>
								<line number="67" hits="31" branch="false"/>
								<line number="68" hits="31" branch="false"/>
								<line number="69" hits="31" branch="false"/>
							</lines>
						</method>
						<method name="generateJdbcUri" signature="()Ljava/lang/String;" line-rate="1.0" branch-rate="1.0">
							<lines>
								<line number="140" hits="3" branch="false"/>
								<line number="141" hits="3" branch="false"/>
								<line number="145" hits="3" branch="true" condition-coverage="100% (2/2)">
									<conditions>
										<condition number="0" type="jump" coverage="100%"/>
									</conditions>
								</line>
								<line number="146" hits="1" branch="false"/>
								<line number="149" hits="3" branch="false"/>
								<line number="150" hits="3" branch="false"/>
							</lines>
						</method>
						<method name="getDbDriver" signature="()Ljava/lang/String;" line-rate="1.0" branch-rate="1.0">
							<lines>
								<line number="127" hits="6" branch="false"/>
							</lines>
						</method>
						<method name="getDbHost" signature="()Ljava/lang/String;" line-rate="1.0" branch-rate="1.0">
							<lines>
								<line number="77" hits="6" branch="false"/>
							</lines>
						</method>
						<method name="getDbName" signature="()Ljava/lang/String;" line-rate="1.0" branch-rate="1.0">
							<lines>
								<line number="100" hits="6" branch="false"/>
							</lines>
						</method>
						<method name="getDbPassword" signature="()Ljava/lang/String;" line-rate="1.0" branch-rate="1.0">
							<lines>
								<line number="118" hits="3" branch="false"/>
							</lines>
						</method>
						<method name="getDbPort" signature="()I" line-rate="1.0" branch-rate="0.5">
							<lines>
								<line number="87" hits="7" branch="false"/>
								<line number="88" hits="4" branch="true" condition-coverage="50% (1/2)">
									<conditions>
										<condition number="0" type="jump" coverage="50%"/>
									</conditions>
								</line>
								<line number="89" hits="3" branch="false"/>
								<line number="90" hits="3" branch="false"/>
							</lines>
						</method>
						<method name="getDbUser" signature="()Ljava/lang/String;" line-rate="1.0" branch-rate="1.0">
							<lines>
								<line number="109" hits="3" branch="false"/>
							</lines>
						</method>
						<method name="getSecurotyRealm" signature="()Ljava/lang/String;" line-rate="1.0" branch-rate="1.0">
							<lines>
								<line number="136" hits="2" branch="false"/>
							</lines>
						</method>
					</methods>
					<lines>
						<line number="67" hits="31" branch="false"/>
						<line number="68" hits="31" branch="false"/>
						<line number="69" hits="31" branch="false"/>
						<line number="77" hits="6" branch="false"/>
						<line number="87" hits="7" branch="false"/>
						<line number="88" hits="4" branch="true" condition-coverage="50% (1/2)">
							<conditions>
								<condition number="0" type="jump" coverage="50%"/>
							</conditions>
						</line>
						<line number="89" hits="3" branch="false"/>
						<line number="90" hits="3" branch="false"/>
						<line number="100" hits="6" branch="false"/>
						<line number="109" hits="3" branch="false"/>
						<line number="118" hits="3" branch="false"/>
						<line number="127" hits="6" branch="false"/>
						<line number="136" hits="2" branch="false"/>
						<line number="140" hits="3" branch="false"/>
						<line number="141" hits="3" branch="false"/>
						<line number="145" hits="3" branch="true" condition-coverage="100% (2/2)">
							<conditions>
								<condition number="0" type="jump" coverage="100%"/>
							</conditions>
						</line>
						<line number="146" hits="1" branch="false"/>
						<line number="149" hits="3" branch="false"/>
						<line number="150" hits="3" branch="false"/>
					</lines>
				</class>
				<class name="org.lafayette.server.config.TestStrategy" filename="org/lafayette/server/config/TestStrategy.java" line-rate="0.3333333333333333" branch-rate="1.0" complexity="2.0">
					<methods>
						<method name="&lt;init&gt;" signature="()V" line-rate="1.0" branch-rate="1.0">
							<lines>
								<line number="22" hits="1" branch="false"/>
							</lines>
						</method>
						<method name="findConfig" signature="()V" line-rate="0.0" branch-rate="1.0">
							<lines>
								<line number="42" hits="0" branch="false"/>
							</lines>
						</method>
						<method name="getFoundConfig" signature="()Ljava/io/File;" line-rate="0.3333333333333333" branch-rate="1.0">
							<lines>
								<line number="33" hits="1" branch="false"/>
								<line number="34" hits="0" branch="false"/>
								<line number="35" hits="0" branch="false"/>
							</lines>
						</method>
						<method name="hasFoundConfig" signature="()Z" line-rate="0.0" branch-rate="1.0">
							<lines>
								<line number="27" hits="0" branch="false"/>
							</lines>
						</method>
					</methods>
					<lines>
						<line number="22" hits="1" branch="false"/>
						<line number="27" hits="0" branch="false"/>
						<line number="33" hits="1" branch="false"/>
						<line number="34" hits="0" branch="false"/>
						<line number="35" hits="0" branch="false"/>
						<line number="42" hits="0" branch="false"/>
					</lines>
				</class>
				<class name="org.lafayette.server.config.UnixStrategy" filename="org/lafayette/server/config/UnixStrategy.java" line-rate="0.7894736842105263" branch-rate="0.85" complexity="2.625">
					<methods>
						<method name="&lt;clinit&gt;" signature="()V" line-rate="1.0" branch-rate="1.0">
							<lines>
								<line number="53" hits="1" branch="false"/>
							</lines>
						</method>
						<method name="&lt;init&gt;" signature="(Ljava/lang/String;)V" line-rate="0.0" branch-rate="1.0">
							<lines>
								<line number="72" hits="0" branch="false"/>
								<line number="73" hits="0" branch="false"/>
							</lines>
						</method>
						<method name="&lt;init&gt;" signature="(Ljava/lang/String;Ljava/lang/String;)V" line-rate="1.0" branch-rate="1.0">
							<lines>
								<line number="60" hits="4" branch="false"/>
								<line number="85" hits="4" branch="false"/>
								<line number="86" hits="4" branch="false"/>
								<line number="87" hits="4" branch="false"/>
								<line number="88" hits="4" branch="false"/>
							</lines>
						</method>
						<method name="createHomeConfigFileName" signature="(Ljava/lang/String;)Ljava/lang/String;" line-rate="1.0" branch-rate="1.0">
							<lines>
								<line number="100" hits="11" branch="true" condition-coverage="100% (2/2)">
									<conditions>
										<condition number="0" type="jump" coverage="100%"/>
									</conditions>
								</line>
								<line number="101" hits="1" branch="false"/>
								<line number="104" hits="10" branch="true" condition-coverage="100% (2/2)">
									<conditions>
										<condition number="0" type="jump" coverage="100%"/>
									</conditions>
								</line>
								<line number="105" hits="1" branch="false"/>
								<line number="108" hits="9" branch="false"/>
							</lines>
						</method>
						<method name="createSystemConfigFileName" signature="(Ljava/lang/String;)Ljava/lang/String;" line-rate="1.0" branch-rate="1.0">
							<lines>
								<line number="120" hits="11" branch="true" condition-coverage="100% (4/4)">
									<conditions>
										<condition number="0" type="jump" coverage="100%"/>
										<condition number="1" type="jump" coverage="100%"/>
									</conditions>
								</line>
								<line number="121" hits="9" branch="false"/>
								<line number="123" hits="2" branch="false"/>
							</lines>
						</method>
						<method name="findConfig" signature="()V" line-rate="0.6842105263157895" branch-rate="0.7">
							<lines>
								<line number="138" hits="4" branch="true" condition-coverage="50% (1/2)">
									<conditions>
										<condition number="0" type="jump" coverage="50%"/>
									</conditions>
								</line>
								<line number="139" hits="0" branch="false"/>
								<line number="140" hits="0" branch="false"/>
								<line number="143" hits="4" branch="true" condition-coverage="100% (2/2)">
									<conditions>
										<condition number="0" type="jump" coverage="100%"/>
									</conditions>
								</line>
								<line number="144" hits="6" branch="false"/>
								<line number="145" hits="6" branch="false"/>
								<line number="147" hits="6" branch="true" condition-coverage="100% (2/2)">
									<conditions>
										<condition number="0" type="jump" coverage="100%"/>
									</conditions>
								</line>
								<line number="148" hits="3" branch="false"/>
								<line number="149" hits="3" branch="false"/>
								<line number="152" hits="3" branch="true" condition-coverage="50% (1/2)">
									<conditions>
										<condition number="0" type="jump" coverage="50%"/>
									</conditions>
								</line>
								<line number="153" hits="0" branch="false"/>
								<line number="154" hits="0" branch="false"/>
								<line number="157" hits="3" branch="true" condition-coverage="50% (1/2)">
									<conditions>
										<condition number="0" type="jump" coverage="50%"/>
									</conditions>
								</line>
								<line number="158" hits="0" branch="false"/>
								<line number="159" hits="0" branch="false"/>
								<line number="162" hits="3" branch="false"/>
								<line number="163" hits="3" branch="false"/>
								<line number="164" hits="3" branch="false"/>
								<line number="166" hits="4" branch="false"/>
							</lines>
						</method>
						<method name="getFileList" signature="()Ljava/util/Collection;" line-rate="1.0" branch-rate="1.0">
							<lines>
								<line number="174" hits="16" branch="false"/>
							</lines>
						</method>
						<method name="getFoundConfig" signature="()Ljava/io/File;" line-rate="1.0" branch-rate="1.0">
							<lines>
								<line number="133" hits="8" branch="false"/>
							</lines>
						</method>
						<method name="hasFoundConfig" signature="()Z" line-rate="1.0" branch-rate="1.0">
							<lines>
								<line number="128" hits="12" branch="true" condition-coverage="100% (2/2)">
									<conditions>
										<condition number="0" type="jump" coverage="100%"/>
									</conditions>
								</line>
							</lines>
						</method>
					</methods>
					<lines>
						<line number="53" hits="1" branch="false"/>
						<line number="60" hits="4" branch="false"/>
						<line number="72" hits="0" branch="false"/>
						<line number="73" hits="0" branch="false"/>
						<line number="85" hits="4" branch="false"/>
						<line number="86" hits="4" branch="false"/>
						<line number="87" hits="4" branch="false"/>
						<line number="88" hits="4" branch="false"/>
						<line number="100" hits="11" branch="true" condition-coverage="100% (2/2)">
							<conditions>
								<condition number="0" type="jump" coverage="100%"/>
							</conditions>
						</line>
						<line number="101" hits="1" branch="false"/>
						<line number="104" hits="10" branch="true" condition-coverage="100% (2/2)">
							<conditions>
								<condition number="0" type="jump" coverage="100%"/>
							</conditions>
						</line>
						<line number="105" hits="1" branch="false"/>
						<line number="108" hits="9" branch="false"/>
						<line number="120" hits="11" branch="true" condition-coverage="100% (4/4)">
							<conditions>
								<condition number="0" type="jump" coverage="100%"/>
								<condition number="1" type="jump" coverage="100%"/>
							</conditions>
						</line>
						<line number="121" hits="9" branch="false"/>
						<line number="123" hits="2" branch="false"/>
						<line number="128" hits="12" branch="true" condition-coverage="100% (2/2)">
							<conditions>
								<condition number="0" type="jump" coverage="100%"/>
							</conditions>
						</line>
						<line number="133" hits="8" branch="false"/>
						<line number="138" hits="4" branch="true" condition-coverage="50% (1/2)">
							<conditions>
								<condition number="0" type="jump" coverage="50%"/>
							</conditions>
						</line>
						<line number="139" hits="0" branch="false"/>
						<line number="140" hits="0" branch="false"/>
						<line number="143" hits="4" branch="true" condition-coverage="100% (2/2)">
							<conditions>
								<condition number="0" type="jump" coverage="100%"/>
							</conditions>
						</line>
						<line number="144" hits="6" branch="false"/>
						<line number="145" hits="6" branch="false"/>
						<line number="147" hits="6" branch="true" condition-coverage="100% (2/2)">
							<conditions>
								<condition number="0" type="jump" coverage="100%"/>
							</conditions>
						</line>
						<line number="148" hits="3" branch="false"/>
						<line number="149" hits="3" branch="false"/>
						<line number="152" hits="3" branch="true" condition-coverage="50% (1/2)">
							<conditions>
								<condition number="0" type="jump" coverage="50%"/>
							</conditions>
						</line>
						<line number="153" hits="0" branch="false"/>
						<line number="154" hits="0" branch="false"/>
						<line number="157" hits="3" branch="true" condition-coverage="50% (1/2)">
							<conditions>
								<condition number="0" type="jump" coverage="50%"/>
							</conditions>
						</line>
						<line number="158" hits="0" branch="false"/>
						<line number="159" hits="0" branch="false"/>
						<line number="162" hits="3" branch="false"/>
						<line number="163" hits="3" branch="false"/>
						<line number="164" hits="3" branch="false"/>
						<line number="166" hits="4" branch="false"/>
						<line number="174" hits="16" branch="false"/>
					</lines>
				</class>
				<class name="org.lafayette.server.config.WindowsStrategy" filename="org/lafayette/server/config/WindowsStrategy.java" line-rate="0.0" branch-rate="1.0" complexity="2.0">
					<methods>
						<method name="&lt;init&gt;" signature="()V" line-rate="0.0" branch-rate="1.0">
							<lines>
								<line number="21" hits="0" branch="false"/>
							</lines>
						</method>
						<method name="findConfig" signature="()V" line-rate="0.0" branch-rate="1.0">
							<lines>
								<line number="35" hits="0" branch="false"/>
							</lines>
						</method>
						<method name="getFoundConfig" signature="()Ljava/io/File;" line-rate="0.0" branch-rate="1.0">
							<lines>
								<line number="30" hits="0" branch="false"/>
							</lines>
						</method>
						<method name="hasFoundConfig" signature="()Z" line-rate="0.0" branch-rate="1.0">
							<lines>
								<line number="25" hits="0" branch="false"/>
							</lines>
						</method>
					</methods>
					<lines>
						<line number="21" hits="0" branch="false"/>
						<line number="25" hits="0" branch="false"/>
						<line number="30" hits="0" branch="false"/>
						<line number="35" hits="0" branch="false"/>
					</lines>
				</class>
			</classes>
		</package>
		<package name="org.lafayette.server.db" line-rate="0.028925619834710745" branch-rate="0.0" complexity="1.0330396475770924">
			<classes>
				<class name="org.lafayette.server.db.JdbcDriver" filename="org/lafayette/server/db/JdbcDriver.java" line-rate="0.5555555555555556" branch-rate="0.0" complexity="2.75">
					<methods>
						<method name="&lt;clinit&gt;" signature="()V" line-rate="1.0" branch-rate="1.0">
							<lines>
								<line number="20" hits="1" branch="false"/>
								<line number="25" hits="1" branch="false"/>
								<line number="29" hits="1" branch="false"/>
								<line number="33" hits="1" branch="false"/>
							</lines>
						</method>
						<method name="&lt;init&gt;" signature="(Ljava/lang/String;ILjava/lang/String;Ljava/lang/String;)V" line-rate="1.0" branch-rate="1.0">
							<lines>
								<line number="50" hits="3" branch="false"/>
								<line number="51" hits="3" branch="false"/>
								<line number="52" hits="3" branch="false"/>
								<line number="53" hits="3" branch="false"/>
							</lines>
						</method>
						<method name="getFor" signature="(Ljava/lang/String;)Lorg/lafayette/server/db/JdbcDriver;" line-rate="0.0" branch-rate="0.0">
							<lines>
								<line number="76" hits="0" branch="true" condition-coverage="0% (0/2)">
									<conditions>
										<condition number="0" type="jump" coverage="0%"/>
									</conditions>
								</line>
								<line number="77" hits="0" branch="false"/>
								<line number="78" hits="0" branch="true" condition-coverage="0% (0/2)">
									<conditions>
										<condition number="0" type="jump" coverage="0%"/>
									</conditions>
								</line>
								<line number="79" hits="0" branch="false"/>
								<line number="80" hits="0" branch="true" condition-coverage="0% (0/2)">
									<conditions>
										<condition number="0" type="jump" coverage="0%"/>
									</conditions>
								</line>
								<line number="81" hits="0" branch="false"/>
								<line number="83" hits="0" branch="false"/>
							</lines>
						</method>
						<method name="load" signature="()V" line-rate="1.0" branch-rate="1.0">
							<lines>
								<line number="61" hits="18" branch="false"/>
								<line number="62" hits="18" branch="false"/>
							</lines>
						</method>
						<method name="toString" signature="()Ljava/lang/String;" line-rate="0.0" branch-rate="1.0">
							<lines>
								<line number="66" hits="0" branch="false"/>
							</lines>
						</method>
						<method name="valueOf" signature="(Ljava/lang/String;)Lorg/lafayette/server/db/JdbcDriver;" line-rate="1.0" branch-rate="1.0">
							<lines>
							</lines>
						</method>
						<method name="values" signature="()[Lorg/lafayette/server/db/JdbcDriver;" line-rate="1.0" branch-rate="1.0">
							<lines>
							</lines>
						</method>
					</methods>
					<lines>
						<line number="20" hits="1" branch="false"/>
						<line number="25" hits="1" branch="false"/>
						<line number="29" hits="1" branch="false"/>
						<line number="33" hits="1" branch="false"/>
						<line number="50" hits="3" branch="false"/>
						<line number="51" hits="3" branch="false"/>
						<line number="52" hits="3" branch="false"/>
						<line number="53" hits="3" branch="false"/>
						<line number="61" hits="18" branch="false"/>
						<line number="62" hits="18" branch="false"/>
						<line number="66" hits="0" branch="false"/>
						<line number="76" hits="0" branch="true" condition-coverage="0% (0/2)">
							<conditions>
								<condition number="0" type="jump" coverage="0%"/>
							</conditions>
						</line>
						<line number="77" hits="0" branch="false"/>
						<line number="78" hits="0" branch="true" condition-coverage="0% (0/2)">
							<conditions>
								<condition number="0" type="jump" coverage="0%"/>
							</conditions>
						</line>
						<line number="79" hits="0" branch="false"/>
						<line number="80" hits="0" branch="true" condition-coverage="0% (0/2)">
							<conditions>
								<condition number="0" type="jump" coverage="0%"/>
							</conditions>
						</line>
						<line number="81" hits="0" branch="false"/>
						<line number="83" hits="0" branch="false"/>
					</lines>
				</class>
				<class name="org.lafayette.server.db.NullConnection" filename="org/lafayette/server/db/NullConnection.java" line-rate="0.0392156862745098" branch-rate="1.0" complexity="1.0178571428571428">
					<methods>
						<method name="&lt;init&gt;" signature="()V" line-rate="1.0" branch-rate="1.0">
							<lines>
								<line number="52" hits="16" branch="false"/>
								<line number="1236" hits="16" branch="false"/>
							</lines>
						</method>
						<method name="clearWarnings" signature="()V" line-rate="0.0" branch-rate="1.0">
							<lines>
								<line number="139" hits="0" branch="false"/>
							</lines>
						</method>
						<method name="close" signature="()V" line-rate="0.0" branch-rate="1.0">
							<lines>
								<line number="93" hits="0" branch="false"/>
							</lines>
						</method>
						<method name="commit" signature="()V" line-rate="0.0" branch-rate="1.0">
							<lines>
								<line number="85" hits="0" branch="false"/>
							</lines>
						</method>
						<method name="createArrayOf" signature="(Ljava/lang/String;[Ljava/lang/Object;)Ljava/sql/Array;" line-rate="0.0" branch-rate="1.0">
							<lines>
								<line number="271" hits="0" branch="false"/>
							</lines>
						</method>
						<method name="createBlob" signature="()Ljava/sql/Blob;" line-rate="0.0" branch-rate="1.0">
							<lines>
								<line number="233" hits="0" branch="false"/>
							</lines>
						</method>
						<method name="createClob" signature="()Ljava/sql/Clob;" line-rate="0.0" branch-rate="1.0">
							<lines>
								<line number="228" hits="0" branch="false"/>
							</lines>
						</method>
						<method name="createNClob" signature="()Ljava/sql/NClob;" line-rate="0.0" branch-rate="1.0">
							<lines>
								<line number="238" hits="0" branch="false"/>
							</lines>
						</method>
						<method name="createSQLXML" signature="()Ljava/sql/SQLXML;" line-rate="0.0" branch-rate="1.0">
							<lines>
								<line number="243" hits="0" branch="false"/>
							</lines>
						</method>
						<method name="createStatement" signature="()Ljava/sql/Statement;" line-rate="0.0" branch-rate="1.0">
							<lines>
								<line number="56" hits="0" branch="false"/>
							</lines>
						</method>
						<method name="createStatement" signature="(II)Ljava/sql/Statement;" line-rate="0.0" branch-rate="1.0">
							<lines>
								<line number="143" hits="0" branch="false"/>
							</lines>
						</method>
						<method name="createStatement" signature="(III)Ljava/sql/Statement;" line-rate="0.0" branch-rate="1.0">
							<lines>
								<line number="196" hits="0" branch="false"/>
							</lines>
						</method>
						<method name="createStruct" signature="(Ljava/lang/String;[Ljava/lang/Object;)Ljava/sql/Struct;" line-rate="0.0" branch-rate="1.0">
							<lines>
								<line number="276" hits="0" branch="false"/>
							</lines>
						</method>
						<method name="getAutoCommit" signature="()Z" line-rate="0.0" branch-rate="1.0">
							<lines>
								<line number="80" hits="0" branch="false"/>
							</lines>
						</method>
						<method name="getCatalog" signature="()Ljava/lang/String;" line-rate="0.0" branch-rate="1.0">
							<lines>
								<line number="120" hits="0" branch="false"/>
							</lines>
						</method>
						<method name="getClientInfo" signature="()Ljava/util/Properties;" line-rate="0.0" branch-rate="1.0">
							<lines>
								<line number="266" hits="0" branch="false"/>
							</lines>
						</method>
						<method name="getClientInfo" signature="(Ljava/lang/String;)Ljava/lang/String;" line-rate="0.0" branch-rate="1.0">
							<lines>
								<line number="261" hits="0" branch="false"/>
							</lines>
						</method>
						<method name="getHoldability" signature="()I" line-rate="0.0" branch-rate="1.0">
							<lines>
								<line number="172" hits="0" branch="false"/>
							</lines>
						</method>
						<method name="getMetaData" signature="()Ljava/sql/DatabaseMetaData;" line-rate="0.0" branch-rate="1.0">
							<lines>
								<line number="102" hits="0" branch="false"/>
							</lines>
						</method>
						<method name="getTransactionIsolation" signature="()I" line-rate="0.0" branch-rate="1.0">
							<lines>
								<line number="129" hits="0" branch="false"/>
							</lines>
						</method>
						<method name="getTypeMap" signature="()Ljava/util/Map;" line-rate="0.0" branch-rate="1.0">
							<lines>
								<line number="159" hits="0" branch="false"/>
							</lines>
						</method>
						<method name="getWarnings" signature="()Ljava/sql/SQLWarning;" line-rate="0.0" branch-rate="1.0">
							<lines>
								<line number="134" hits="0" branch="false"/>
							</lines>
						</method>
						<method name="isClosed" signature="()Z" line-rate="0.0" branch-rate="1.0">
							<lines>
								<line number="97" hits="0" branch="false"/>
							</lines>
						</method>
						<method name="isReadOnly" signature="()Z" line-rate="0.0" branch-rate="1.0">
							<lines>
								<line number="111" hits="0" branch="false"/>
							</lines>
						</method>
						<method name="isValid" signature="(I)Z" line-rate="0.0" branch-rate="1.0">
							<lines>
								<line number="248" hits="0" branch="false"/>
							</lines>
						</method>
						<method name="isWrapperFor" signature="(Ljava/lang/Class;)Z" line-rate="0.0" branch-rate="1.0">
							<lines>
								<line number="286" hits="0" branch="false"/>
							</lines>
						</method>
						<method name="nativeSQL" signature="(Ljava/lang/String;)Ljava/lang/String;" line-rate="0.0" branch-rate="1.0">
							<lines>
								<line number="71" hits="0" branch="false"/>
							</lines>
						</method>
						<method name="prepareCall" signature="(Ljava/lang/String;)Ljava/sql/CallableStatement;" line-rate="0.0" branch-rate="1.0">
							<lines>
								<line number="66" hits="0" branch="false"/>
							</lines>
						</method>
						<method name="prepareCall" signature="(Ljava/lang/String;II)Ljava/sql/CallableStatement;" line-rate="0.0" branch-rate="1.0">
							<lines>
								<line number="154" hits="0" branch="false"/>
							</lines>
						</method>
						<method name="prepareCall" signature="(Ljava/lang/String;III)Ljava/sql/CallableStatement;" line-rate="0.0" branch-rate="1.0">
							<lines>
								<line number="208" hits="0" branch="false"/>
							</lines>
						</method>
						<method name="prepareStatement" signature="(Ljava/lang/String;)Ljava/sql/PreparedStatement;" line-rate="0.0" branch-rate="1.0">
							<lines>
								<line number="61" hits="0" branch="false"/>
							</lines>
						</method>
						<method name="prepareStatement" signature="(Ljava/lang/String;I)Ljava/sql/PreparedStatement;" line-rate="0.0" branch-rate="1.0">
							<lines>
								<line number="213" hits="0" branch="false"/>
							</lines>
						</method>
						<method name="prepareStatement" signature="(Ljava/lang/String;II)Ljava/sql/PreparedStatement;" line-rate="0.0" branch-rate="1.0">
							<lines>
								<line number="149" hits="0" branch="false"/>
							</lines>
						</method>
						<method name="prepareStatement" signature="(Ljava/lang/String;III)Ljava/sql/PreparedStatement;" line-rate="0.0" branch-rate="1.0">
							<lines>
								<line number="202" hits="0" branch="false"/>
							</lines>
						</method>
						<method name="prepareStatement" signature="(Ljava/lang/String;[I)Ljava/sql/PreparedStatement;" line-rate="0.0" branch-rate="1.0">
							<lines>
								<line number="218" hits="0" branch="false"/>
							</lines>
						</method>
						<method name="prepareStatement" signature="(Ljava/lang/String;[Ljava/lang/String;)Ljava/sql/PreparedStatement;" line-rate="0.0" branch-rate="1.0">
							<lines>
								<line number="223" hits="0" branch="false"/>
							</lines>
						</method>
						<method name="releaseSavepoint" signature="(Ljava/sql/Savepoint;)V" line-rate="0.0" branch-rate="1.0">
							<lines>
								<line number="191" hits="0" branch="false"/>
							</lines>
						</method>
						<method name="rollback" signature="()V" line-rate="0.0" branch-rate="1.0">
							<lines>
								<line number="89" hits="0" branch="false"/>
							</lines>
						</method>
						<method name="rollback" signature="(Ljava/sql/Savepoint;)V" line-rate="0.0" branch-rate="1.0">
							<lines>
								<line number="187" hits="0" branch="false"/>
							</lines>
						</method>
						<method name="setAutoCommit" signature="(Z)V" line-rate="0.0" branch-rate="1.0">
							<lines>
								<line number="76" hits="0" branch="false"/>
							</lines>
						</method>
						<method name="setCatalog" signature="(Ljava/lang/String;)V" line-rate="0.0" branch-rate="1.0">
							<lines>
								<line number="116" hits="0" branch="false"/>
							</lines>
						</method>
						<method name="setClientInfo" signature="(Ljava/lang/String;Ljava/lang/String;)V" line-rate="0.0" branch-rate="1.0">
							<lines>
								<line number="253" hits="0" branch="false"/>
							</lines>
						</method>
						<method name="setClientInfo" signature="(Ljava/util/Properties;)V" line-rate="0.0" branch-rate="1.0">
							<lines>
								<line number="257" hits="0" branch="false"/>
							</lines>
						</method>
						<method name="setHoldability" signature="(I)V" line-rate="0.0" branch-rate="1.0">
							<lines>
								<line number="168" hits="0" branch="false"/>
							</lines>
						</method>
						<method name="setReadOnly" signature="(Z)V" line-rate="0.0" branch-rate="1.0">
							<lines>
								<line number="107" hits="0" branch="false"/>
							</lines>
						</method>
						<method name="setSavepoint" signature="()Ljava/sql/Savepoint;" line-rate="0.0" branch-rate="1.0">
							<lines>
								<line number="177" hits="0" branch="false"/>
							</lines>
						</method>
						<method name="setSavepoint" signature="(Ljava/lang/String;)Ljava/sql/Savepoint;" line-rate="0.0" branch-rate="1.0">
							<lines>
								<line number="182" hits="0" branch="false"/>
							</lines>
						</method>
						<method name="setTransactionIsolation" signature="(I)V" line-rate="0.0" branch-rate="1.0">
							<lines>
								<line number="125" hits="0" branch="false"/>
							</lines>
						</method>
						<method name="setTypeMap" signature="(Ljava/util/Map;)V" line-rate="0.0" branch-rate="1.0">
							<lines>
								<line number="164" hits="0" branch="false"/>
							</lines>
						</method>
						<method name="unwrap" signature="(Ljava/lang/Class;)Ljava/lang/Object;" line-rate="0.0" branch-rate="1.0">
							<lines>
								<line number="281" hits="0" branch="false"/>
							</lines>
						</method>
					</methods>
					<lines>
						<line number="52" hits="16" branch="false"/>
						<line number="56" hits="0" branch="false"/>
						<line number="61" hits="0" branch="false"/>
						<line number="66" hits="0" branch="false"/>
						<line number="71" hits="0" branch="false"/>
						<line number="76" hits="0" branch="false"/>
						<line number="80" hits="0" branch="false"/>
						<line number="85" hits="0" branch="false"/>
						<line number="89" hits="0" branch="false"/>
						<line number="93" hits="0" branch="false"/>
						<line number="97" hits="0" branch="false"/>
						<line number="102" hits="0" branch="false"/>
						<line number="107" hits="0" branch="false"/>
						<line number="111" hits="0" branch="false"/>
						<line number="116" hits="0" branch="false"/>
						<line number="120" hits="0" branch="false"/>
						<line number="125" hits="0" branch="false"/>
						<line number="129" hits="0" branch="false"/>
						<line number="134" hits="0" branch="false"/>
						<line number="139" hits="0" branch="false"/>
						<line number="143" hits="0" branch="false"/>
						<line number="149" hits="0" branch="false"/>
						<line number="154" hits="0" branch="false"/>
						<line number="159" hits="0" branch="false"/>
						<line number="164" hits="0" branch="false"/>
						<line number="168" hits="0" branch="false"/>
						<line number="172" hits="0" branch="false"/>
						<line number="177" hits="0" branch="false"/>
						<line number="182" hits="0" branch="false"/>
						<line number="187" hits="0" branch="false"/>
						<line number="191" hits="0" branch="false"/>
						<line number="196" hits="0" branch="false"/>
						<line number="202" hits="0" branch="false"/>
						<line number="208" hits="0" branch="false"/>
						<line number="213" hits="0" branch="false"/>
						<line number="218" hits="0" branch="false"/>
						<line number="223" hits="0" branch="false"/>
						<line number="228" hits="0" branch="false"/>
						<line number="233" hits="0" branch="false"/>
						<line number="238" hits="0" branch="false"/>
						<line number="243" hits="0" branch="false"/>
						<line number="248" hits="0" branch="false"/>
						<line number="253" hits="0" branch="false"/>
						<line number="257" hits="0" branch="false"/>
						<line number="261" hits="0" branch="false"/>
						<line number="266" hits="0" branch="false"/>
						<line number="271" hits="0" branch="false"/>
						<line number="276" hits="0" branch="false"/>
						<line number="281" hits="0" branch="false"/>
						<line number="286" hits="0" branch="false"/>
						<line number="1236" hits="16" branch="false"/>
					</lines>
				</class>
				<class name="org.lafayette.server.db.NullConnection$NullPreparedStatement" filename="org/lafayette/server/db/NullConnection.java" line-rate="0.0" branch-rate="1.0" complexity="1.0178571428571428">
					<methods>
						<method name="&lt;init&gt;" signature="(Ljava/sql/Connection;)V" line-rate="0.0" branch-rate="1.0">
							<lines>
								<line number="295" hits="0" branch="false"/>
								<line number="296" hits="0" branch="false"/>
								<line number="297" hits="0" branch="false"/>
							</lines>
						</method>
						<method name="addBatch" signature="()V" line-rate="0.0" branch-rate="1.0">
							<lines>
								<line number="594" hits="0" branch="false"/>
							</lines>
						</method>
						<method name="addBatch" signature="(Ljava/lang/String;)V" line-rate="0.0" branch-rate="1.0">
							<lines>
								<line number="412" hits="0" branch="false"/>
							</lines>
						</method>
						<method name="cancel" signature="()V" line-rate="0.0" branch-rate="1.0">
							<lines>
								<line number="347" hits="0" branch="false"/>
							</lines>
						</method>
						<method name="clearBatch" signature="()V" line-rate="0.0" branch-rate="1.0">
							<lines>
								<line number="416" hits="0" branch="false"/>
							</lines>
						</method>
						<method name="clearParameters" signature="()V" line-rate="0.0" branch-rate="1.0">
							<lines>
								<line number="577" hits="0" branch="false"/>
							</lines>
						</method>
						<method name="clearWarnings" signature="()V" line-rate="0.0" branch-rate="1.0">
							<lines>
								<line number="356" hits="0" branch="false"/>
							</lines>
						</method>
						<method name="close" signature="()V" line-rate="0.0" branch-rate="1.0">
							<lines>
								<line number="312" hits="0" branch="false"/>
							</lines>
						</method>
						<method name="execute" signature="()Z" line-rate="0.0" branch-rate="1.0">
							<lines>
								<line number="589" hits="0" branch="false"/>
							</lines>
						</method>
						<method name="execute" signature="(Ljava/lang/String;)Z" line-rate="0.0" branch-rate="1.0">
							<lines>
								<line number="364" hits="0" branch="false"/>
							</lines>
						</method>
						<method name="execute" signature="(Ljava/lang/String;I)Z" line-rate="0.0" branch-rate="1.0">
							<lines>
								<line number="455" hits="0" branch="false"/>
							</lines>
						</method>
						<method name="execute" signature="(Ljava/lang/String;[I)Z" line-rate="0.0" branch-rate="1.0">
							<lines>
								<line number="460" hits="0" branch="false"/>
							</lines>
						</method>
						<method name="execute" signature="(Ljava/lang/String;[Ljava/lang/String;)Z" line-rate="0.0" branch-rate="1.0">
							<lines>
								<line number="465" hits="0" branch="false"/>
							</lines>
						</method>
						<method name="executeBatch" signature="()[I" line-rate="0.0" branch-rate="1.0">
							<lines>
								<line number="420" hits="0" branch="false"/>
							</lines>
						</method>
						<method name="executeQuery" signature="()Ljava/sql/ResultSet;" line-rate="0.0" branch-rate="1.0">
							<lines>
								<line number="499" hits="0" branch="false"/>
							</lines>
						</method>
						<method name="executeQuery" signature="(Ljava/lang/String;)Ljava/sql/ResultSet;" line-rate="0.0" branch-rate="1.0">
							<lines>
								<line number="302" hits="0" branch="false"/>
							</lines>
						</method>
						<method name="executeUpdate" signature="()I" line-rate="0.0" branch-rate="1.0">
							<lines>
								<line number="504" hits="0" branch="false"/>
							</lines>
						</method>
						<method name="executeUpdate" signature="(Ljava/lang/String;)I" line-rate="0.0" branch-rate="1.0">
							<lines>
								<line number="307" hits="0" branch="false"/>
							</lines>
						</method>
						<method name="executeUpdate" signature="(Ljava/lang/String;I)I" line-rate="0.0" branch-rate="1.0">
							<lines>
								<line number="440" hits="0" branch="false"/>
							</lines>
						</method>
						<method name="executeUpdate" signature="(Ljava/lang/String;[I)I" line-rate="0.0" branch-rate="1.0">
							<lines>
								<line number="445" hits="0" branch="false"/>
							</lines>
						</method>
						<method name="executeUpdate" signature="(Ljava/lang/String;[Ljava/lang/String;)I" line-rate="0.0" branch-rate="1.0">
							<lines>
								<line number="450" hits="0" branch="false"/>
							</lines>
						</method>
						<method name="getArray" signature="(I)Ljava/sql/Array;" line-rate="0.0" branch-rate="1.0">
							<lines>
								<line number="832" hits="0" branch="false"/>
							</lines>
						</method>
						<method name="getArray" signature="(Ljava/lang/String;)Ljava/sql/Array;" line-rate="0.0" branch-rate="1.0">
							<lines>
								<line number="1067" hits="0" branch="false"/>
							</lines>
						</method>
						<method name="getBigDecimal" signature="(I)Ljava/math/BigDecimal;" line-rate="0.0" branch-rate="1.0">
							<lines>
								<line number="807" hits="0" branch="false"/>
							</lines>
						</method>
						<method name="getBigDecimal" signature="(II)Ljava/math/BigDecimal;" line-rate="0.0" branch-rate="1.0">
							<lines>
								<line number="777" hits="0" branch="false"/>
							</lines>
						</method>
						<method name="getBigDecimal" signature="(Ljava/lang/String;)Ljava/math/BigDecimal;" line-rate="0.0" branch-rate="1.0">
							<lines>
								<line number="1042" hits="0" branch="false"/>
							</lines>
						</method>
						<method name="getBlob" signature="(I)Ljava/sql/Blob;" line-rate="0.0" branch-rate="1.0">
							<lines>
								<line number="822" hits="0" branch="false"/>
							</lines>
						</method>
						<method name="getBlob" signature="(Ljava/lang/String;)Ljava/sql/Blob;" line-rate="0.0" branch-rate="1.0">
							<lines>
								<line number="1057" hits="0" branch="false"/>
							</lines>
						</method>
						<method name="getBoolean" signature="(I)Z" line-rate="0.0" branch-rate="1.0">
							<lines>
								<line number="742" hits="0" branch="false"/>
							</lines>
						</method>
						<method name="getBoolean" signature="(Ljava/lang/String;)Z" line-rate="0.0" branch-rate="1.0">
							<lines>
								<line number="982" hits="0" branch="false"/>
							</lines>
						</method>
						<method name="getByte" signature="(I)B" line-rate="0.0" branch-rate="1.0">
							<lines>
								<line number="747" hits="0" branch="false"/>
							</lines>
						</method>
						<method name="getByte" signature="(Ljava/lang/String;)B" line-rate="0.0" branch-rate="1.0">
							<lines>
								<line number="987" hits="0" branch="false"/>
							</lines>
						</method>
						<method name="getBytes" signature="(I)[B" line-rate="0.0" branch-rate="1.0">
							<lines>
								<line number="782" hits="0" branch="false"/>
							</lines>
						</method>
						<method name="getBytes" signature="(Ljava/lang/String;)[B" line-rate="0.0" branch-rate="1.0">
							<lines>
								<line number="1017" hits="0" branch="false"/>
							</lines>
						</method>
						<method name="getCharacterStream" signature="(I)Ljava/io/Reader;" line-rate="0.0" branch-rate="1.0">
							<lines>
								<line number="1178" hits="0" branch="false"/>
							</lines>
						</method>
						<method name="getCharacterStream" signature="(Ljava/lang/String;)Ljava/io/Reader;" line-rate="0.0" branch-rate="1.0">
							<lines>
								<line number="1183" hits="0" branch="false"/>
							</lines>
						</method>
						<method name="getClob" signature="(I)Ljava/sql/Clob;" line-rate="0.0" branch-rate="1.0">
							<lines>
								<line number="827" hits="0" branch="false"/>
							</lines>
						</method>
						<method name="getClob" signature="(Ljava/lang/String;)Ljava/sql/Clob;" line-rate="0.0" branch-rate="1.0">
							<lines>
								<line number="1062" hits="0" branch="false"/>
							</lines>
						</method>
						<method name="getConnection" signature="()Ljava/sql/Connection;" line-rate="0.0" branch-rate="1.0">
							<lines>
								<line number="425" hits="0" branch="false"/>
							</lines>
						</method>
						<method name="getDate" signature="(I)Ljava/sql/Date;" line-rate="0.0" branch-rate="1.0">
							<lines>
								<line number="787" hits="0" branch="false"/>
							</lines>
						</method>
						<method name="getDate" signature="(ILjava/util/Calendar;)Ljava/sql/Date;" line-rate="0.0" branch-rate="1.0">
							<lines>
								<line number="837" hits="0" branch="false"/>
							</lines>
						</method>
						<method name="getDate" signature="(Ljava/lang/String;)Ljava/sql/Date;" line-rate="0.0" branch-rate="1.0">
							<lines>
								<line number="1022" hits="0" branch="false"/>
							</lines>
						</method>
						<method name="getDate" signature="(Ljava/lang/String;Ljava/util/Calendar;)Ljava/sql/Date;" line-rate="0.0" branch-rate="1.0">
							<lines>
								<line number="1072" hits="0" branch="false"/>
							</lines>
						</method>
						<method name="getDouble" signature="(I)D" line-rate="0.0" branch-rate="1.0">
							<lines>
								<line number="772" hits="0" branch="false"/>
							</lines>
						</method>
						<method name="getDouble" signature="(Ljava/lang/String;)D" line-rate="0.0" branch-rate="1.0">
							<lines>
								<line number="1012" hits="0" branch="false"/>
							</lines>
						</method>
						<method name="getFetchDirection" signature="()I" line-rate="0.0" branch-rate="1.0">
							<lines>
								<line number="388" hits="0" branch="false"/>
							</lines>
						</method>
						<method name="getFetchSize" signature="()I" line-rate="0.0" branch-rate="1.0">
							<lines>
								<line number="397" hits="0" branch="false"/>
							</lines>
						</method>
						<method name="getFloat" signature="(I)F" line-rate="0.0" branch-rate="1.0">
							<lines>
								<line number="767" hits="0" branch="false"/>
							</lines>
						</method>
						<method name="getFloat" signature="(Ljava/lang/String;)F" line-rate="0.0" branch-rate="1.0">
							<lines>
								<line number="1007" hits="0" branch="false"/>
							</lines>
						</method>
						<method name="getGeneratedKeys" signature="()Ljava/sql/ResultSet;" line-rate="0.0" branch-rate="1.0">
							<lines>
								<line number="435" hits="0" branch="false"/>
							</lines>
						</method>
						<method name="getInt" signature="(I)I" line-rate="0.0" branch-rate="1.0">
							<lines>
								<line number="757" hits="0" branch="false"/>
							</lines>
						</method>
						<method name="getInt" signature="(Ljava/lang/String;)I" line-rate="0.0" branch-rate="1.0">
							<lines>
								<line number="997" hits="0" branch="false"/>
							</lines>
						</method>
						<method name="getLong" signature="(I)J" line-rate="0.0" branch-rate="1.0">
							<lines>
								<line number="762" hits="0" branch="false"/>
							</lines>
						</method>
						<method name="getLong" signature="(Ljava/lang/String;)J" line-rate="0.0" branch-rate="1.0">
							<lines>
								<line number="1002" hits="0" branch="false"/>
							</lines>
						</method>
						<method name="getMaxFieldSize" signature="()I" line-rate="0.0" branch-rate="1.0">
							<lines>
								<line number="316" hits="0" branch="false"/>
							</lines>
						</method>
						<method name="getMaxRows" signature="()I" line-rate="0.0" branch-rate="1.0">
							<lines>
								<line number="325" hits="0" branch="false"/>
							</lines>
						</method>
						<method name="getMetaData" signature="()Ljava/sql/ResultSetMetaData;" line-rate="0.0" branch-rate="1.0">
							<lines>
								<line number="618" hits="0" branch="false"/>
							</lines>
						</method>
						<method name="getMoreResults" signature="()Z" line-rate="0.0" branch-rate="1.0">
							<lines>
								<line number="379" hits="0" branch="false"/>
							</lines>
						</method>
						<method name="getMoreResults" signature="(I)Z" line-rate="0.0" branch-rate="1.0">
							<lines>
								<line number="430" hits="0" branch="false"/>
							</lines>
						</method>
						<method name="getNCharacterStream" signature="(I)Ljava/io/Reader;" line-rate="0.0" branch-rate="1.0">
							<lines>
								<line number="1168" hits="0" branch="false"/>
							</lines>
						</method>
						<method name="getNCharacterStream" signature="(Ljava/lang/String;)Ljava/io/Reader;" line-rate="0.0" branch-rate="1.0">
							<lines>
								<line number="1173" hits="0" branch="false"/>
							</lines>
						</method>
						<method name="getNClob" signature="(I)Ljava/sql/NClob;" line-rate="0.0" branch-rate="1.0">
							<lines>
								<line number="1134" hits="0" branch="false"/>
							</lines>
						</method>
						<method name="getNClob" signature="(Ljava/lang/String;)Ljava/sql/NClob;" line-rate="0.0" branch-rate="1.0">
							<lines>
								<line number="1139" hits="0" branch="false"/>
							</lines>
						</method>
						<method name="getNString" signature="(I)Ljava/lang/String;" line-rate="0.0" branch-rate="1.0">
							<lines>
								<line number="1158" hits="0" branch="false"/>
							</lines>
						</method>
						<method name="getNString" signature="(Ljava/lang/String;)Ljava/lang/String;" line-rate="0.0" branch-rate="1.0">
							<lines>
								<line number="1163" hits="0" branch="false"/>
							</lines>
						</method>
						<method name="getObject" signature="(I)Ljava/lang/Object;" line-rate="0.0" branch-rate="1.0">
							<lines>
								<line number="802" hits="0" branch="false"/>
							</lines>
						</method>
						<method name="getObject" signature="(ILjava/util/Map;)Ljava/lang/Object;" line-rate="0.0" branch-rate="1.0">
							<lines>
								<line number="812" hits="0" branch="false"/>
							</lines>
						</method>
						<method name="getObject" signature="(Ljava/lang/String;)Ljava/lang/Object;" line-rate="0.0" branch-rate="1.0">
							<lines>
								<line number="1037" hits="0" branch="false"/>
							</lines>
						</method>
						<method name="getObject" signature="(Ljava/lang/String;Ljava/util/Map;)Ljava/lang/Object;" line-rate="0.0" branch-rate="1.0">
							<lines>
								<line number="1047" hits="0" branch="false"/>
							</lines>
						</method>
						<method name="getParameterMetaData" signature="()Ljava/sql/ParameterMetaData;" line-rate="0.0" branch-rate="1.0">
							<lines>
								<line number="643" hits="0" branch="false"/>
							</lines>
						</method>
						<method name="getQueryTimeout" signature="()I" line-rate="0.0" branch-rate="1.0">
							<lines>
								<line number="338" hits="0" branch="false"/>
							</lines>
						</method>
						<method name="getRef" signature="(I)Ljava/sql/Ref;" line-rate="0.0" branch-rate="1.0">
							<lines>
								<line number="817" hits="0" branch="false"/>
							</lines>
						</method>
						<method name="getRef" signature="(Ljava/lang/String;)Ljava/sql/Ref;" line-rate="0.0" branch-rate="1.0">
							<lines>
								<line number="1052" hits="0" branch="false"/>
							</lines>
						</method>
						<method name="getResultSet" signature="()Ljava/sql/ResultSet;" line-rate="0.0" branch-rate="1.0">
							<lines>
								<line number="369" hits="0" branch="false"/>
							</lines>
						</method>
[...]
							<lines>
								<line number="45" hits="18" branch="true" condition-coverage="75% (3/4)">
									<conditions>
										<condition number="0" type="switch" coverage="75%"/>
									</conditions>
								</line>
								<line number="47" hits="16" branch="false"/>
								<line number="48" hits="16" branch="false"/>
								<line number="50" hits="1" branch="false"/>
								<line number="52" hits="1" branch="false"/>
								<line number="54" hits="0" branch="false"/>
								<line number="57" hits="16" branch="false"/>
							</lines>
						</method>
						<method name="nativ" signature="()Lorg/lafayette/server/nonce/Nonce;" line-rate="1.0" branch-rate="1.0">
							<lines>
								<line number="89" hits="1" branch="false"/>
							</lines>
						</method>
						<method name="sha1" signature="()Lorg/lafayette/server/nonce/Nonce;" line-rate="1.0" branch-rate="1.0">
							<lines>
								<line number="67" hits="16" branch="false"/>
							</lines>
						</method>
						<method name="yarrow" signature="()Lorg/lafayette/server/nonce/Nonce;" line-rate="1.0" branch-rate="1.0">
							<lines>
								<line number="77" hits="1" branch="false"/>
							</lines>
						</method>
					</methods>
					<lines>
						<line number="32" hits="0" branch="false"/>
						<line number="33" hits="0" branch="false"/>
						<line number="45" hits="18" branch="true" condition-coverage="75% (3/4)">
							<conditions>
								<condition number="0" type="switch" coverage="75%"/>
							</conditions>
						</line>
						<line number="47" hits="16" branch="false"/>
						<line number="48" hits="16" branch="false"/>
						<line number="50" hits="1" branch="false"/>
						<line number="52" hits="1" branch="false"/>
						<line number="54" hits="0" branch="false"/>
						<line number="57" hits="16" branch="false"/>
						<line number="67" hits="16" branch="false"/>
						<line number="77" hits="1" branch="false"/>
						<line number="89" hits="1" branch="false"/>
					</lines>
				</class>
				<class name="org.lafayette.server.nonce.NonceFactory$1" filename="org/lafayette/server/nonce/NonceFactory.java" line-rate="1.0" branch-rate="1.0" complexity="2.2">
					<methods>
						<method name="&lt;clinit&gt;" signature="()V" line-rate="1.0" branch-rate="1.0">
							<lines>
								<line number="45" hits="1" branch="false"/>
							</lines>
						</method>
					</methods>
					<lines>
						<line number="45" hits="1" branch="false"/>
					</lines>
				</class>
				<class name="org.lafayette.server.nonce.Sha1" filename="org/lafayette/server/nonce/Sha1.java" line-rate="0.4444444444444444" branch-rate="1.0" complexity="1.0">
					<methods>
						<method name="&lt;init&gt;" signature="()V" line-rate="1.0" branch-rate="1.0">
							<lines>
								<line number="29" hits="16" branch="false"/>
								<line number="30" hits="16" branch="false"/>
							</lines>
						</method>
						<method name="&lt;init&gt;" signature="(Ljava/lang/String;)V" line-rate="0.0" branch-rate="1.0">
							<lines>
								<line number="39" hits="0" branch="false"/>
								<line number="40" hits="0" branch="false"/>
							</lines>
						</method>
						<method name="&lt;init&gt;" signature="(Ljava/lang/String;Lorg/lafayette/server/nonce/Nonce$DigestAlgorithm;)V" line-rate="1.0" branch-rate="1.0">
							<lines>
								<line number="60" hits="16" branch="false"/>
								<line number="61" hits="16" branch="false"/>
							</lines>
						</method>
						<method name="&lt;init&gt;" signature="(Lorg/lafayette/server/nonce/Nonce$DigestAlgorithm;)V" line-rate="0.0" branch-rate="1.0">
							<lines>
								<line number="49" hits="0" branch="false"/>
								<line number="50" hits="0" branch="false"/>
							</lines>
						</method>
						<method name="calculateNonce" signature="()Ljava/lang/String;" line-rate="1.0" branch-rate="1.0">
							<lines>
							</lines>
						</method>
						<method name="getNext" signature="()Ljava/lang/String;" line-rate="0.0" branch-rate="1.0">
							<lines>
								<line number="21" hits="0" branch="false"/>
							</lines>
						</method>
						<method name="isValid" signature="(Ljava/lang/String;)Z" line-rate="1.0" branch-rate="1.0">
							<lines>
							</lines>
						</method>
					</methods>
					<lines>
						<line number="21" hits="0" branch="false"/>
						<line number="29" hits="16" branch="false"/>
						<line number="30" hits="16" branch="false"/>
						<line number="39" hits="0" branch="false"/>
						<line number="40" hits="0" branch="false"/>
						<line number="49" hits="0" branch="false"/>
						<line number="50" hits="0" branch="false"/>
						<line number="60" hits="16" branch="false"/>
						<line number="61" hits="16" branch="false"/>
					</lines>
				</class>
			</classes>
		</package>
		<package name="org.lafayette.server.resources" line-rate="0.0" branch-rate="0.0" complexity="1.32">
			<classes>
				<class name="org.lafayette.server.resources.BaseResource" filename="org/lafayette/server/resources/BaseResource.java" line-rate="0.0" branch-rate="0.0" complexity="1.2307692307692308">
					<methods>
						<method name="&lt;init&gt;" signature="()V" line-rate="0.0" branch-rate="1.0">
							<lines>
								<line number="46" hits="0" branch="false"/>
								<line number="54" hits="0" branch="false"/>
								<line number="79" hits="0" branch="false"/>
								<line number="80" hits="0" branch="false"/>
								<line number="81" hits="0" branch="false"/>
								<line number="82" hits="0" branch="false"/>
							</lines>
						</method>
						<method name="createErrorResponse" signature="(Ljava/lang/String;)Ljavax/ws/rs/core/Response;" line-rate="0.0" branch-rate="1.0">
							<lines>
								<line number="115" hits="0" branch="false"/>
							</lines>
						</method>
						<method name="finders" signature="()Lorg/lafayette/server/domain/Finders;" line-rate="0.0" branch-rate="0.0">
							<lines>
								<line number="107" hits="0" branch="true" condition-coverage="0% (0/2)">
									<conditions>
										<condition number="0" type="jump" coverage="0%"/>
									</conditions>
								</line>
								<line number="108" hits="0" branch="false"/>
								<line number="111" hits="0" branch="false"/>
							</lines>
						</method>
						<method name="formatMessagePack" signature="(Lorg/lafayette/server/domain/DomainObject;)[B" line-rate="0.0" branch-rate="1.0">
							<lines>
								<line number="131" hits="0" branch="false"/>
							</lines>
						</method>
						<method name="headers" signature="()Ljavax/ws/rs/core/HttpHeaders;" line-rate="0.0" branch-rate="1.0">
							<lines>
								<line number="95" hits="0" branch="false"/>
							</lines>
						</method>
						<method name="indexAsUriList" signature="()Ljava/lang/String;" line-rate="0.0" branch-rate="1.0">
							<lines>
								<line number="137" hits="0" branch="false"/>
								<line number="138" hits="0" branch="false"/>
								<line number="139" hits="0" branch="false"/>
							</lines>
						</method>
						<method name="raiseIdNotFoundError" signature="(Ljava/lang/String;Ljava/lang/String;)V" line-rate="0.0" branch-rate="1.0">
							<lines>
								<line number="121" hits="0" branch="false"/>
								<line number="122" hits="0" branch="false"/>
							</lines>
						</method>
						<method name="raiseMissingPropertyError" signature="(Ljava/lang/String;)V" line-rate="0.0" branch-rate="1.0">
							<lines>
								<line number="126" hits="0" branch="false"/>
								<line number="127" hits="0" branch="false"/>
							</lines>
						</method>
						<method name="registry" signature="()Lorg/lafayette/server/Registry;" line-rate="0.0" branch-rate="1.0">
							<lines>
								<line number="87" hits="0" branch="false"/>
							</lines>
						</method>
						<method name="security" signature="()Ljavax/ws/rs/core/SecurityContext;" line-rate="0.0" branch-rate="1.0">
							<lines>
								<line number="103" hits="0" branch="false"/>
							</lines>
						</method>
						<method name="servlet" signature="()Ljavax/servlet/ServletContext;" line-rate="0.0" branch-rate="1.0">
							<lines>
								<line number="91" hits="0" branch="false"/>
							</lines>
						</method>
						<method name="uriInfo" signature="()Ljavax/ws/rs/core/UriInfo;" line-rate="0.0" branch-rate="1.0">
							<lines>
								<line number="99" hits="0" branch="false"/>
							</lines>
						</method>
					</methods>
					<lines>
						<line number="46" hits="0" branch="false"/>
						<line number="54" hits="0" branch="false"/>
						<line number="79" hits="0" branch="false"/>
						<line number="80" hits="0" branch="false"/>
						<line number="81" hits="0" branch="false"/>
						<line number="82" hits="0" branch="false"/>
						<line number="87" hits="0" branch="false"/>
						<line number="91" hits="0" branch="false"/>
						<line number="95" hits="0" branch="false"/>
						<line number="99" hits="0" branch="false"/>
						<line number="103" hits="0" branch="false"/>
						<line number="107" hits="0" branch="true" condition-coverage="0% (0/2)">
							<conditions>
								<condition number="0" type="jump" coverage="0%"/>
							</conditions>
						</line>
						<line number="108" hits="0" branch="false"/>
						<line number="111" hits="0" branch="false"/>
						<line number="115" hits="0" branch="false"/>
						<line number="121" hits="0" branch="false"/>
						<line number="122" hits="0" branch="false"/>
						<line number="126" hits="0" branch="false"/>
						<line number="127" hits="0" branch="false"/>
						<line number="131" hits="0" branch="false"/>
						<line number="137" hits="0" branch="false"/>
						<line number="138" hits="0" branch="false"/>
						<line number="139" hits="0" branch="false"/>
					</lines>
				</class>
				<class name="org.lafayette.server.resources.IndexResource" filename="org/lafayette/server/resources/IndexResource.java" line-rate="0.0" branch-rate="1.0" complexity="1.0">
					<methods>
						<method name="&lt;init&gt;" signature="()V" line-rate="0.0" branch-rate="1.0">
							<lines>
								<line number="30" hits="0" branch="false"/>
							</lines>
						</method>
						<method name="addUrisToIndexList" signature="(Lorg/lafayette/server/http/UriList;)V" line-rate="0.0" branch-rate="1.0">
							<lines>
								<line number="34" hits="0" branch="false"/>
								<line number="35" hits="0" branch="false"/>
								<line number="36" hits="0" branch="false"/>
							</lines>
						</method>
						<method name="auth" signature="()Ljava/lang/Object;" line-rate="0.0" branch-rate="1.0">
							<lines>
								<line number="58" hits="0" branch="false"/>
							</lines>
						</method>
						<method name="indexAsText" signature="()Ljava/lang/String;" line-rate="0.0" branch-rate="1.0">
							<lines>
								<line number="41" hits="0" branch="false"/>
								<line number="42" hits="0" branch="false"/>
								<line number="43" hits="0" branch="false"/>
							</lines>
						</method>
						<method name="indexAsUriList" signature="()Ljava/lang/String;" line-rate="0.0" branch-rate="1.0">
							<lines>
								<line number="29" hits="0" branch="false"/>
							</lines>
						</method>
						<method name="test" signature="()Ljava/lang/Object;" line-rate="0.0" branch-rate="1.0">
							<lines>
								<line number="50" hits="0" branch="false"/>
							</lines>
						</method>
					</methods>
					<lines>
						<line number="29" hits="0" branch="false"/>
						<line number="30" hits="0" branch="false"/>
						<line number="34" hits="0" branch="false"/>
						<line number="35" hits="0" branch="false"/>
						<line number="36" hits="0" branch="false"/>
						<line number="41" hits="0" branch="false"/>
						<line number="42" hits="0" branch="false"/>
						<line number="43" hits="0" branch="false"/>
						<line number="50" hits="0" branch="false"/>
						<line number="58" hits="0" branch="false"/>
					</lines>
				</class>
				<class name="org.lafayette.server.resources.ServiceResource" filename="org/lafayette/server/resources/ServiceResource.java" line-rate="0.0" branch-rate="1.0" complexity="1.0">
					<methods>
						<method name="&lt;init&gt;" signature="()V" line-rate="0.0" branch-rate="1.0">
							<lines>
								<line number="26" hits="0" branch="false"/>
							</lines>
						</method>
						<method name="addUrisToIndexList" signature="(Lorg/lafayette/server/http/UriList;)V" line-rate="0.0" branch-rate="1.0">
							<lines>
								<line number="30" hits="0" branch="false"/>
								<line number="31" hits="0" branch="false"/>
								<line number="32" hits="0" branch="false"/>
								<line number="33" hits="0" branch="false"/>
							</lines>
						</method>
						<method name="indexAsUriList" signature="()Ljava/lang/String;" line-rate="0.0" branch-rate="1.0">
							<lines>
								<line number="25" hits="0" branch="false"/>
							</lines>
						</method>
					</methods>
					<lines>
						<line number="25" hits="0" branch="false"/>
						<line number="26" hits="0" branch="false"/>
						<line number="30" hits="0" branch="false"/>
						<line number="31" hits="0" branch="false"/>
						<line number="32" hits="0" branch="false"/>
						<line number="33" hits="0" branch="false"/>
					</lines>
				</class>
				<class name="org.lafayette.server.resources.UserResource" filename="org/lafayette/server/resources/UserResource.java" line-rate="0.0" branch-rate="0.0" complexity="1.7142857142857142">
					<methods>
						<method name="&lt;init&gt;" signature="()V" line-rate="0.0" branch-rate="1.0">
							<lines>
								<line number="40" hits="0" branch="false"/>
							</lines>
						</method>
						<method name="addUrisToIndexList" signature="(Lorg/lafayette/server/http/UriList;)V" line-rate="0.0" branch-rate="1.0">
							<lines>
								<line number="49" hits="0" branch="false"/>
								<line number="50" hits="0" branch="false"/>
								<line number="51" hits="0" branch="false"/>
								<line number="52" hits="0" branch="false"/>
							</lines>
						</method>
						<method name="createUser" signature="(Lorg/codehaus/jettison/json/JSONObject;)Ljavax/ws/rs/core/Response;" line-rate="0.0" branch-rate="0.0">
							<lines>
								<line number="117" hits="0" branch="true" condition-coverage="0% (0/2)">
									<conditions>
										<condition number="0" type="jump" coverage="0%"/>
									</conditions>
								</line>
								<line number="118" hits="0" branch="false"/>
								<line number="121" hits="0" branch="false"/>
								<line number="122" hits="0" branch="false"/>
								<line number="123" hits="0" branch="false"/>
								<line number="124" hits="0" branch="false"/>
								<line number="128" hits="0" branch="false"/>
							</lines>
						</method>
						<method name="findUserById" signature="(Ljava/lang/String;)Lorg/lafayette/server/domain/User;" line-rate="0.0" branch-rate="1.0">
							<lines>
								<line number="141" hits="0" branch="false"/>
								<line number="142" hits="0" branch="false"/>
							</lines>
						</method>
						<method name="indexAsUriList" signature="()Ljava/lang/String;" line-rate="0.0" branch-rate="1.0">
							<lines>
								<line number="39" hits="0" branch="false"/>
							</lines>
						</method>
						<method name="userAsJsonOrXml" signature="(Ljava/lang/String;)Lorg/lafayette/server/domain/User;" line-rate="0.0" branch-rate="0.0">
							<lines>
								<line number="92" hits="0" branch="false"/>
								<line number="94" hits="0" branch="true" condition-coverage="0% (0/2)">
									<conditions>
										<condition number="0" type="jump" coverage="0%"/>
									</conditions>
								</line>
								<line number="95" hits="0" branch="false"/>
								<line number="98" hits="0" branch="false"/>
							</lines>
						</method>
						<method name="userAsMessagePack" signature="(Ljava/lang/String;)Ljavax/ws/rs/core/Response;" line-rate="0.0" branch-rate="0.0">
							<lines>
								<line number="105" hits="0" branch="false"/>
								<line number="107" hits="0" branch="true" condition-coverage="0% (0/2)">
									<conditions>
										<condition number="0" type="jump" coverage="0%"/>
									</conditions>
								</line>
								<line number="108" hits="0" branch="false"/>
								<line number="111" hits="0" branch="false"/>
							</lines>
						</method>
						<method name="userAsPlainText" signature="(Ljava/lang/String;)Ljava/lang/String;" line-rate="0.0" branch-rate="0.0">
							<lines>
								<line number="79" hits="0" branch="false"/>
								<line number="81" hits="0" branch="true" condition-coverage="0% (0/2)">
									<conditions>
										<condition number="0" type="jump" coverage="0%"/>
									</conditions>
								</line>
								<line number="82" hits="0" branch="false"/>
								<line number="85" hits="0" branch="false"/>
							</lines>
						</method>
						<method name="usersAsText" signature="()Ljava/lang/String;" line-rate="0.0" branch-rate="0.0">
							<lines>
								<line number="57" hits="0" branch="false"/>
								<line number="58" hits="0" branch="false"/>
								<line number="59" hits="0" branch="false"/>
								<line number="65" hits="0" branch="true" condition-coverage="0% (0/2)">
									<conditions>
										<condition number="0" type="jump" coverage="0%"/>
									</conditions>
								</line>
								<line number="66" hits="0" branch="false"/>
								<line number="72" hits="0" branch="false"/>
							</lines>
						</method>
					</methods>
					<lines>
						<line number="39" hits="0" branch="false"/>
						<line number="40" hits="0" branch="false"/>
						<line number="49" hits="0" branch="false"/>
						<line number="50" hits="0" branch="false"/>
						<line number="51" hits="0" branch="false"/>
						<line number="52" hits="0" branch="false"/>
						<line number="57" hits="0" branch="false"/>
						<line number="58" hits="0" branch="false"/>
						<line number="59" hits="0" branch="false"/>
						<line number="65" hits="0" branch="true" condition-coverage="0% (0/2)">
							<conditions>
								<condition number="0" type="jump" coverage="0%"/>
							</conditions>
						</line>
						<line number="66" hits="0" branch="false"/>
						<line number="72" hits="0" branch="false"/>
						<line number="79" hits="0" branch="false"/>
						<line number="81" hits="0" branch="true" condition-coverage="0% (0/2)">
							<conditions>
								<condition number="0" type="jump" coverage="0%"/>
							</conditions>
						</line>
						<line number="82" hits="0" branch="false"/>
						<line number="85" hits="0" branch="false"/>
						<line number="92" hits="0" branch="false"/>
						<line number="94" hits="0" branch="true" condition-coverage="0% (0/2)">
							<conditions>
								<condition number="0" type="jump" coverage="0%"/>
							</conditions>
						</line>
						<line number="95" hits="0" branch="false"/>
						<line number="98" hits="0" branch="false"/>
						<line number="105" hits="0" branch="false"/>
						<line number="107" hits="0" branch="true" condition-coverage="0% (0/2)">
							<conditions>
								<condition number="0" type="jump" coverage="0%"/>
							</conditions>
						</line>
						<line number="108" hits="0" branch="false"/>
						<line number="111" hits="0" branch="false"/>
						<line number="117" hits="0" branch="true" condition-coverage="0% (0/2)">
							<conditions>
								<condition number="0" type="jump" coverage="0%"/>
							</conditions>
						</line>
						<line number="118" hits="0" branch="false"/>
						<line number="121" hits="0" branch="false"/>
						<line number="122" hits="0" branch="false"/>
						<line number="123" hits="0" branch="false"/>
						<line number="124" hits="0" branch="false"/>
						<line number="128" hits="0" branch="false"/>
						<line number="141" hits="0" branch="false"/>
						<line number="142" hits="0" branch="false"/>
					</lines>
				</class>
			</classes>
		</package>
	</packages>
</coverage>
